{"meta": {"format": 3, "version": "7.13.4", "timestamp": "2026-07-06T08:56:29.376457", "branch_coverage": true, "show_contexts": false}, "files": {"pymdtools\\_about.py": {"executed_lines": [12, 13, 15, 16, 18, 19, 20, 22, 23], "summary": {"covered_lines": 9, "num_statements": 9, "percent_covered": 100.0, "percent_covered_display": "100.00", "missing_lines": 0, "excluded_lines": 0, "percent_statements_covered": 100.0, "percent_statements_covered_display": "100.00", "num_branches": 0, "num_partial_branches": 0, "covered_branches": 0, "missing_branches": 0, "percent_branches_covered": 100.0, "percent_branches_covered_display": "100.00"}, "missing_lines": [], "excluded_lines": [], "executed_branches": [], "missing_branches": [], "functions": {"": {"executed_lines": [12, 13, 15, 16, 18, 19, 20, 22, 23], "summary": {"covered_lines": 9, "num_statements": 9, "percent_covered": 100.0, "percent_covered_display": "100.00", "missing_lines": 0, "excluded_lines": 0, "percent_statements_covered": 100.0, "percent_statements_covered_display": "100.00", "num_branches": 0, "num_partial_branches": 0, "covered_branches": 0, "missing_branches": 0, "percent_branches_covered": 100.0, "percent_branches_covered_display": "100.00"}, "missing_lines": [], "excluded_lines": [], "start_line": 1, "executed_branches": [], "missing_branches": []}}, "classes": {"": {"executed_lines": [12, 13, 15, 16, 18, 19, 20, 22, 23], "summary": {"covered_lines": 9, "num_statements": 9, "percent_covered": 100.0, "percent_covered_display": "100.00", "missing_lines": 0, "excluded_lines": 0, "percent_statements_covered": 100.0, "percent_statements_covered_display": "100.00", "num_branches": 0, "num_partial_branches": 0, "covered_branches": 0, "missing_branches": 0, "percent_branches_covered": 100.0, "percent_branches_covered_display": "100.00"}, "missing_lines": [], "excluded_lines": [], "start_line": 1, "executed_branches": [], "missing_branches": []}}}, "pymdtools\\common\\core.py": {"executed_lines": [], "summary": {"covered_lines": 0, "num_statements": 55, "percent_covered": 0.0, "percent_covered_display": "0.00", "missing_lines": 55, "excluded_lines": 0, "percent_statements_covered": 0.0, "percent_statements_covered_display": "0.00", "num_branches": 10, "num_partial_branches": 0, "covered_branches": 0, "missing_branches": 10, "percent_branches_covered": 0.0, "percent_branches_covered_display": "0.00"}, "missing_lines": [84, 86, 87, 88, 89, 104, 105, 106, 107, 108, 109, 118, 158, 160, 161, 162, 163, 164, 165, 166, 167, 168, 169, 170, 171, 173, 175, 180, 212, 213, 215, 216, 218, 219, 221, 222, 224, 225, 227, 232, 258, 259, 260, 261, 263, 273, 295, 296, 298, 299, 300, 301, 303, 304, 306], "excluded_lines": [], "executed_branches": [], "missing_branches": [[167, 168], [167, 170], [168, 167], [168, 169], [259, 260], [259, 261], [295, 296], [295, 298], [303, 304], [303, 306]], "functions": {"handle_exception": {"executed_lines": [], "summary": {"covered_lines": 0, "num_statements": 4, "percent_covered": 0.0, "percent_covered_display": "0.00", "missing_lines": 4, "excluded_lines": 0, "percent_statements_covered": 0.0, "percent_statements_covered_display": "0.00", "num_branches": 0, "num_partial_branches": 0, "covered_branches": 0, "missing_branches": 0, "percent_branches_covered": 100.0, "percent_branches_covered_display": "100.00"}, "missing_lines": [158, 160, 161, 175], "excluded_lines": [], "start_line": 118, "executed_branches": [], "missing_branches": []}, "handle_exception.decorator": {"executed_lines": [], "summary": {"covered_lines": 0, "num_statements": 2, "percent_covered": 0.0, "percent_covered_display": "0.00", "missing_lines": 2, "excluded_lines": 0, "percent_statements_covered": 0.0, "percent_statements_covered_display": "0.00", "num_branches": 0, "num_partial_branches": 0, "covered_branches": 0, "missing_branches": 0, "percent_branches_covered": 100.0, "percent_branches_covered_display": "100.00"}, "missing_lines": [162, 173], "excluded_lines": [], "start_line": 160, "executed_branches": [], "missing_branches": []}, "handle_exception.decorator.wrapper": {"executed_lines": [], "summary": {"covered_lines": 0, "num_statements": 9, "percent_covered": 0.0, "percent_covered_display": "0.00", "missing_lines": 9, "excluded_lines": 0, "percent_statements_covered": 0.0, "percent_statements_covered_display": "0.00", "num_branches": 4, "num_partial_branches": 0, "covered_branches": 0, "missing_branches": 4, "percent_branches_covered": 0.0, "percent_branches_covered_display": "0.00"}, "missing_lines": [163, 164, 165, 166, 167, 168, 169, 170, 171], "excluded_lines": [], "start_line": 162, "executed_branches": [], "missing_branches": [[167, 168], [167, 170], [168, 167], [168, 169]]}, "Constant.__init__": {"executed_lines": [], "summary": {"covered_lines": 0, "num_statements": 1, "percent_covered": 0.0, "percent_covered_display": "0.00", "missing_lines": 1, "excluded_lines": 0, "percent_statements_covered": 0.0, "percent_statements_covered_display": "0.00", "num_branches": 0, "num_partial_branches": 0, "covered_branches": 0, "missing_branches": 0, "percent_branches_covered": 100.0, "percent_branches_covered_display": "100.00"}, "missing_lines": [213], "excluded_lines": [], "start_line": 212, "executed_branches": [], "missing_branches": []}, "Constant.__get__": {"executed_lines": [], "summary": {"covered_lines": 0, "num_statements": 1, "percent_covered": 0.0, "percent_covered_display": "0.00", "missing_lines": 1, "excluded_lines": 0, "percent_statements_covered": 0.0, "percent_statements_covered_display": "0.00", "num_branches": 0, "num_partial_branches": 0, "covered_branches": 0, "missing_branches": 0, "percent_branches_covered": 100.0, "percent_branches_covered_display": "100.00"}, "missing_lines": [216], "excluded_lines": [], "start_line": 215, "executed_branches": [], "missing_branches": []}, "Constant.__set__": {"executed_lines": [], "summary": {"covered_lines": 0, "num_statements": 1, "percent_covered": 0.0, "percent_covered_display": "0.00", "missing_lines": 1, "excluded_lines": 0, "percent_statements_covered": 0.0, "percent_statements_covered_display": "0.00", "num_branches": 0, "num_partial_branches": 0, "covered_branches": 0, "missing_branches": 0, "percent_branches_covered": 100.0, "percent_branches_covered_display": "100.00"}, "missing_lines": [219], "excluded_lines": [], "start_line": 218, "executed_branches": [], "missing_branches": []}, "Constant.__delete__": {"executed_lines": [], "summary": {"covered_lines": 0, "num_statements": 1, "percent_covered": 0.0, "percent_covered_display": "0.00", "missing_lines": 1, "excluded_lines": 0, "percent_statements_covered": 0.0, "percent_statements_covered_display": "0.00", "num_branches": 0, "num_partial_branches": 0, "covered_branches": 0, "missing_branches": 0, "percent_branches_covered": 100.0, "percent_branches_covered_display": "100.00"}, "missing_lines": [222], "excluded_lines": [], "start_line": 221, "executed_branches": [], "missing_branches": []}, "Constant.value": {"executed_lines": [], "summary": {"covered_lines": 0, "num_statements": 1, "percent_covered": 0.0, "percent_covered_display": "0.00", "missing_lines": 1, "excluded_lines": 0, "percent_statements_covered": 0.0, "percent_statements_covered_display": "0.00", "num_branches": 0, "num_partial_branches": 0, "covered_branches": 0, "missing_branches": 0, "percent_branches_covered": 100.0, "percent_branches_covered_display": "100.00"}, "missing_lines": [227], "excluded_lines": [], "start_line": 225, "executed_branches": [], "missing_branches": []}, "static": {"executed_lines": [], "summary": {"covered_lines": 0, "num_statements": 2, "percent_covered": 0.0, "percent_covered_display": "0.00", "missing_lines": 2, "excluded_lines": 0, "percent_statements_covered": 0.0, "percent_statements_covered_display": "0.00", "num_branches": 0, "num_partial_branches": 0, "covered_branches": 0, "missing_branches": 0, "percent_branches_covered": 100.0, "percent_branches_covered_display": "100.00"}, "missing_lines": [258, 263], "excluded_lines": [], "start_line": 232, "executed_branches": [], "missing_branches": []}, "static.decorator": {"executed_lines": [], "summary": {"covered_lines": 0, "num_statements": 3, "percent_covered": 0.0, "percent_covered_display": "0.00", "missing_lines": 3, "excluded_lines": 0, "percent_statements_covered": 0.0, "percent_statements_covered_display": "0.00", "num_branches": 2, "num_partial_branches": 0, "covered_branches": 0, "missing_branches": 2, "percent_branches_covered": 0.0, "percent_branches_covered_display": "0.00"}, "missing_lines": [259, 260, 261], "excluded_lines": [], "start_line": 258, "executed_branches": [], "missing_branches": [[259, 260], [259, 261]]}, "check_len": {"executed_lines": [], "summary": {"covered_lines": 0, "num_statements": 9, "percent_covered": 0.0, "percent_covered_display": "0.00", "missing_lines": 9, "excluded_lines": 0, "percent_statements_covered": 0.0, "percent_statements_covered_display": "0.00", "num_branches": 4, "num_partial_branches": 0, "covered_branches": 0, "missing_branches": 4, "percent_branches_covered": 0.0, "percent_branches_covered_display": "0.00"}, "missing_lines": [295, 296, 298, 299, 300, 301, 303, 304, 306], "excluded_lines": [], "start_line": 273, "executed_branches": [], "missing_branches": [[295, 296], [295, 298], [303, 304], [303, 306]]}, "": {"executed_lines": [], "summary": {"covered_lines": 0, "num_statements": 21, "percent_covered": 0.0, "percent_covered_display": "0.00", "missing_lines": 21, "excluded_lines": 0, "percent_statements_covered": 0.0, "percent_statements_covered_display": "0.00", "num_branches": 0, "num_partial_branches": 0, "covered_branches": 0, "missing_branches": 0, "percent_branches_covered": 100.0, "percent_branches_covered_display": "100.00"}, "missing_lines": [84, 86, 87, 88, 89, 104, 105, 106, 107, 108, 109, 118, 180, 212, 215, 218, 221, 224, 225, 232, 273], "excluded_lines": [], "start_line": 1, "executed_branches": [], "missing_branches": []}}, "classes": {"Constant": {"executed_lines": [], "summary": {"covered_lines": 0, "num_statements": 5, "percent_covered": 0.0, "percent_covered_display": "0.00", "missing_lines": 5, "excluded_lines": 0, "percent_statements_covered": 0.0, "percent_statements_covered_display": "0.00", "num_branches": 0, "num_partial_branches": 0, "covered_branches": 0, "missing_branches": 0, "percent_branches_covered": 100.0, "percent_branches_covered_display": "100.00"}, "missing_lines": [213, 216, 219, 222, 227], "excluded_lines": [], "start_line": 180, "executed_branches": [], "missing_branches": []}, "": {"executed_lines": [], "summary": {"covered_lines": 0, "num_statements": 50, "percent_covered": 0.0, "percent_covered_display": "0.00", "missing_lines": 50, "excluded_lines": 0, "percent_statements_covered": 0.0, "percent_statements_covered_display": "0.00", "num_branches": 10, "num_partial_branches": 0, "covered_branches": 0, "missing_branches": 10, "percent_branches_covered": 0.0, "percent_branches_covered_display": "0.00"}, "missing_lines": [84, 86, 87, 88, 89, 104, 105, 106, 107, 108, 109, 118, 158, 160, 161, 162, 163, 164, 165, 166, 167, 168, 169, 170, 171, 173, 175, 180, 212, 215, 218, 221, 224, 225, 232, 258, 259, 260, 261, 263, 273, 295, 296, 298, 299, 300, 301, 303, 304, 306], "excluded_lines": [], "start_line": 1, "executed_branches": [], "missing_branches": [[167, 168], [167, 170], [168, 167], [168, 169], [259, 260], [259, 261], [295, 296], [295, 298], [303, 304], [303, 306]]}}}, "pymdtools\\common\\datetime_utils.py": {"executed_lines": [], "summary": {"covered_lines": 0, "num_statements": 12, "percent_covered": 0.0, "percent_covered_display": "0.00", "missing_lines": 12, "excluded_lines": 0, "percent_statements_covered": 0.0, "percent_statements_covered_display": "0.00", "num_branches": 0, "num_partial_branches": 0, "covered_branches": 0, "missing_branches": 0, "percent_branches_covered": 100.0, "percent_branches_covered_display": "100.00"}, "missing_lines": [65, 67, 76, 80, 85, 89, 94, 111, 112, 113, 114, 116], "excluded_lines": [], "executed_branches": [], "missing_branches": [], "functions": {"today_utc": {"executed_lines": [], "summary": {"covered_lines": 0, "num_statements": 1, "percent_covered": 0.0, "percent_covered_display": "0.00", "missing_lines": 1, "excluded_lines": 0, "percent_statements_covered": 0.0, "percent_statements_covered_display": "0.00", "num_branches": 0, "num_partial_branches": 0, "covered_branches": 0, "missing_branches": 0, "percent_branches_covered": 100.0, "percent_branches_covered_display": "100.00"}, "missing_lines": [80], "excluded_lines": [], "start_line": 76, "executed_branches": [], "missing_branches": []}, "now_utc_timestamp": {"executed_lines": [], "summary": {"covered_lines": 0, "num_statements": 1, "percent_covered": 0.0, "percent_covered_display": "0.00", "missing_lines": 1, "excluded_lines": 0, "percent_statements_covered": 0.0, "percent_statements_covered_display": "0.00", "num_branches": 0, "num_partial_branches": 0, "covered_branches": 0, "missing_branches": 0, "percent_branches_covered": 100.0, "percent_branches_covered_display": "100.00"}, "missing_lines": [89], "excluded_lines": [], "start_line": 85, "executed_branches": [], "missing_branches": []}, "parse_timestamp": {"executed_lines": [], "summary": {"covered_lines": 0, "num_statements": 5, "percent_covered": 0.0, "percent_covered_display": "0.00", "missing_lines": 5, "excluded_lines": 0, "percent_statements_covered": 0.0, "percent_statements_covered_display": "0.00", "num_branches": 0, "num_partial_branches": 0, "covered_branches": 0, "missing_branches": 0, "percent_branches_covered": 100.0, "percent_branches_covered_display": "100.00"}, "missing_lines": [111, 112, 113, 114, 116], "excluded_lines": [], "start_line": 94, "executed_branches": [], "missing_branches": []}, "": {"executed_lines": [], "summary": {"covered_lines": 0, "num_statements": 5, "percent_covered": 0.0, "percent_covered_display": "0.00", "missing_lines": 5, "excluded_lines": 0, "percent_statements_covered": 0.0, "percent_statements_covered_display": "0.00", "num_branches": 0, "num_partial_branches": 0, "covered_branches": 0, "missing_branches": 0, "percent_branches_covered": 100.0, "percent_branches_covered_display": "100.00"}, "missing_lines": [65, 67, 76, 85, 94], "excluded_lines": [], "start_line": 1, "executed_branches": [], "missing_branches": []}}, "classes": {"": {"executed_lines": [], "summary": {"covered_lines": 0, "num_statements": 12, "percent_covered": 0.0, "percent_covered_display": "0.00", "missing_lines": 12, "excluded_lines": 0, "percent_statements_covered": 0.0, "percent_statements_covered_display": "0.00", "num_branches": 0, "num_partial_branches": 0, "covered_branches": 0, "missing_branches": 0, "percent_branches_covered": 100.0, "percent_branches_covered_display": "100.00"}, "missing_lines": [65, 67, 76, 80, 85, 89, 94, 111, 112, 113, 114, 116], "excluded_lines": [], "start_line": 1, "executed_branches": [], "missing_branches": []}}}, "pymdtools\\common\\fs.py": {"executed_lines": [], "summary": {"covered_lines": 0, "num_statements": 307, "percent_covered": 0.0, "percent_covered_display": "0.00", "missing_lines": 307, "excluded_lines": 2, "percent_statements_covered": 0.0, "percent_statements_covered_display": "0.00", "num_branches": 152, "num_partial_branches": 0, "covered_branches": 0, "missing_branches": 152, "percent_branches_covered": 0.0, "percent_branches_covered_display": "0.00"}, "missing_lines": [68, 70, 71, 72, 73, 74, 75, 76, 77, 79, 80, 89, 154, 155, 157, 159, 160, 162, 163, 165, 170, 192, 196, 218, 223, 244, 246, 247, 249, 250, 252, 257, 281, 283, 284, 285, 286, 288, 289, 294, 328, 330, 331, 333, 334, 336, 337, 338, 339, 340, 344, 349, 373, 374, 376, 379, 380, 382, 387, 407, 410, 411, 414, 415, 417, 419, 424, 467, 468, 470, 471, 472, 473, 475, 477, 478, 480, 481, 482, 484, 485, 488, 489, 491, 492, 493, 495, 497, 498, 501, 502, 504, 505, 507, 508, 510, 512, 514, 515, 516, 518, 520, 521, 522, 524, 525, 527, 528, 530, 535, 579, 581, 582, 583, 584, 587, 588, 591, 595, 596, 598, 599, 600, 601, 602, 603, 605, 613, 625, 626, 628, 629, 630, 632, 633, 634, 636, 638, 643, 664, 666, 667, 669, 671, 674, 682, 683, 686, 687, 690, 691, 692, 693, 694, 699, 747, 748, 749, 750, 752, 754, 755, 757, 758, 761, 762, 763, 764, 765, 766, 767, 768, 769, 770, 772, 773, 774, 775, 777, 778, 779, 781, 782, 784, 789, 831, 833, 834, 836, 837, 838, 845, 847, 848, 850, 855, 873, 874, 875, 877, 879, 881, 882, 883, 885, 887, 888, 893, 896, 897, 899, 900, 903, 904, 905, 906, 912, 941, 943, 949, 954, 955, 957, 958, 959, 960, 963, 1014, 1018, 1019, 1021, 1022, 1024, 1025, 1026, 1027, 1028, 1029, 1031, 1032, 1033, 1034, 1036, 1037, 1038, 1039, 1041, 1042, 1044, 1046, 1048, 1050, 1051, 1052, 1055, 1056, 1058, 1060, 1061, 1063, 1065, 1067, 1068, 1071, 1072, 1073, 1076, 1077, 1078, 1080, 1082, 1083, 1084, 1086, 1087, 1088, 1089, 1090, 1091, 1092, 1093, 1095, 1101, 1106, 1191, 1192, 1193, 1194, 1197, 1198, 1199, 1200, 1201, 1202, 1204, 1206, 1207, 1210, 1211, 1212, 1213, 1215, 1216, 1217, 1218, 1219, 1221], "excluded_lines": [907, 1113], "executed_branches": [], "missing_branches": [[154, 155], [154, 157], [159, 160], [159, 162], [162, 163], [162, 165], [246, 247], [246, 249], [249, 250], [249, 252], [283, 284], [283, 288], [284, 285], [284, 286], [330, 331], [330, 333], [333, 334], [333, 336], [336, 337], [336, 344], [339, 340], [339, 344], [373, 374], [373, 376], [379, 380], [379, 382], [410, 411], [410, 414], [414, 415], [414, 417], [470, 471], [470, 472], [472, 473], [472, 475], [480, 481], [480, 512], [481, 482], [481, 484], [488, 489], [488, 507], [489, 491], [489, 501], [491, 492], [491, 497], [492, 493], [492, 495], [501, 502], [501, 504], [507, 508], [507, 510], [520, 521], [520, 524], [527, 528], [527, 530], [581, 582], [581, 583], [583, 584], [583, 587], [587, 588], [587, 591], [598, 599], [598, 605], [600, 598], [600, 601], [625, 626], [625, 628], [629, 630], [629, 632], [633, 634], [633, 638], [669, 671], [669, 674], [682, 683], [682, 686], [686, 687], [686, 690], [747, 748], [747, 749], [749, 750], [749, 752], [757, 758], [757, 761], [761, 762], [761, 763], [763, 764], [763, 765], [765, 766], [765, 767], [767, 768], [767, 769], [769, 770], [769, 772], [781, 782], [781, 784], [833, 834], [833, 836], [837, 838], [837, 845], [847, 848], [847, 850], [874, 875], [874, 877], [881, 882], [881, 885], [1018, 1019], [1018, 1021], [1025, 1026], [1025, 1027], [1027, 1028], [1027, 1029], [1032, 1033], [1032, 1036], [1036, 1037], [1036, 1038], [1038, 1039], [1038, 1041], [1041, 1042], [1041, 1044], [1046, -1031], [1046, 1048], [1048, 1050], [1048, 1055], [1050, 1051], [1050, 1052], [1055, 1056], [1055, 1058], [1067, 1068], [1067, 1095], [1071, 1072], [1071, 1076], [1082, 1083], [1082, 1086], [1091, 1092], [1091, 1093], [1191, 1192], [1191, 1193], [1193, 1194], [1193, 1197], [1198, 1199], [1198, 1204], [1200, 1201], [1200, 1202], [1206, 1207], [1206, 1221], [1210, 1206], [1210, 1211], [1212, 1213], [1212, 1215], [1215, 1210], [1215, 1216], [1218, 1215], [1218, 1219]], "functions": {"to_path": {"executed_lines": [], "summary": {"covered_lines": 0, "num_statements": 8, "percent_covered": 0.0, "percent_covered_display": "0.00", "missing_lines": 8, "excluded_lines": 0, "percent_statements_covered": 0.0, "percent_statements_covered_display": "0.00", "num_branches": 6, "num_partial_branches": 0, "covered_branches": 0, "missing_branches": 6, "percent_branches_covered": 0.0, "percent_branches_covered_display": "0.00"}, "missing_lines": [154, 155, 157, 159, 160, 162, 163, 165], "excluded_lines": [], "start_line": 89, "executed_branches": [], "missing_branches": [[154, 155], [154, 157], [159, 160], [159, 162], [162, 163], [162, 165]]}, "_p": {"executed_lines": [], "summary": {"covered_lines": 0, "num_statements": 1, "percent_covered": 0.0, "percent_covered_display": "0.00", "missing_lines": 1, "excluded_lines": 0, "percent_statements_covered": 0.0, "percent_statements_covered_display": "0.00", "num_branches": 0, "num_partial_branches": 0, "covered_branches": 0, "missing_branches": 0, "percent_branches_covered": 100.0, "percent_branches_covered_display": "100.00"}, "missing_lines": [192], "excluded_lines": [], "start_line": 170, "executed_branches": [], "missing_branches": []}, "normpath": {"executed_lines": [], "summary": {"covered_lines": 0, "num_statements": 1, "percent_covered": 0.0, "percent_covered_display": "0.00", "missing_lines": 1, "excluded_lines": 0, "percent_statements_covered": 0.0, "percent_statements_covered_display": "0.00", "num_branches": 0, "num_partial_branches": 0, "covered_branches": 0, "missing_branches": 0, "percent_branches_covered": 100.0, "percent_branches_covered_display": "100.00"}, "missing_lines": [218], "excluded_lines": [], "start_line": 196, "executed_branches": [], "missing_branches": []}, "check_folder": {"executed_lines": [], "summary": {"covered_lines": 0, "num_statements": 6, "percent_covered": 0.0, "percent_covered_display": "0.00", "missing_lines": 6, "excluded_lines": 0, "percent_statements_covered": 0.0, "percent_statements_covered_display": "0.00", "num_branches": 4, "num_partial_branches": 0, "covered_branches": 0, "missing_branches": 4, "percent_branches_covered": 0.0, "percent_branches_covered_display": "0.00"}, "missing_lines": [244, 246, 247, 249, 250, 252], "excluded_lines": [], "start_line": 223, "executed_branches": [], "missing_branches": [[246, 247], [246, 249], [249, 250], [249, 252]]}, "ensure_folder": {"executed_lines": [], "summary": {"covered_lines": 0, "num_statements": 7, "percent_covered": 0.0, "percent_covered_display": "0.00", "missing_lines": 7, "excluded_lines": 0, "percent_statements_covered": 0.0, "percent_statements_covered_display": "0.00", "num_branches": 4, "num_partial_branches": 0, "covered_branches": 0, "missing_branches": 4, "percent_branches_covered": 0.0, "percent_branches_covered_display": "0.00"}, "missing_lines": [281, 283, 284, 285, 286, 288, 289], "excluded_lines": [], "start_line": 257, "executed_branches": [], "missing_branches": [[283, 284], [283, 288], [284, 285], [284, 286]]}, "check_file": {"executed_lines": [], "summary": {"covered_lines": 0, "num_statements": 11, "percent_covered": 0.0, "percent_covered_display": "0.00", "missing_lines": 11, "excluded_lines": 0, "percent_statements_covered": 0.0, "percent_statements_covered_display": "0.00", "num_branches": 8, "num_partial_branches": 0, "covered_branches": 0, "missing_branches": 8, "percent_branches_covered": 0.0, "percent_branches_covered_display": "0.00"}, "missing_lines": [328, 330, 331, 333, 334, 336, 337, 338, 339, 340, 344], "excluded_lines": [], "start_line": 294, "executed_branches": [], "missing_branches": [[330, 331], [330, 333], [333, 334], [333, 336], [336, 337], [336, 344], [339, 340], [339, 344]]}, "with_suffix": {"executed_lines": [], "summary": {"covered_lines": 0, "num_statements": 6, "percent_covered": 0.0, "percent_covered_display": "0.00", "missing_lines": 6, "excluded_lines": 0, "percent_statements_covered": 0.0, "percent_statements_covered_display": "0.00", "num_branches": 4, "num_partial_branches": 0, "covered_branches": 0, "missing_branches": 4, "percent_branches_covered": 0.0, "percent_branches_covered_display": "0.00"}, "missing_lines": [373, 374, 376, 379, 380, 382], "excluded_lines": [], "start_line": 349, "executed_branches": [], "missing_branches": [[373, 374], [373, 376], [379, 380], [379, 382]]}, "path_depth": {"executed_lines": [], "summary": {"covered_lines": 0, "num_statements": 7, "percent_covered": 0.0, "percent_covered_display": "0.00", "missing_lines": 7, "excluded_lines": 0, "percent_statements_covered": 0.0, "percent_statements_covered_display": "0.00", "num_branches": 4, "num_partial_branches": 0, "covered_branches": 0, "missing_branches": 4, "percent_branches_covered": 0.0, "percent_branches_covered_display": "0.00"}, "missing_lines": [407, 410, 411, 414, 415, 417, 419], "excluded_lines": [], "start_line": 387, "executed_branches": [], "missing_branches": [[410, 411], [410, 414], [414, 415], [414, 417]]}, "copytree": {"executed_lines": [], "summary": {"covered_lines": 0, "num_statements": 30, "percent_covered": 0.0, "percent_covered_display": "0.00", "missing_lines": 30, "excluded_lines": 0, "percent_statements_covered": 0.0, "percent_statements_covered_display": "0.00", "num_branches": 20, "num_partial_branches": 0, "covered_branches": 0, "missing_branches": 20, "percent_branches_covered": 0.0, "percent_branches_covered_display": "0.00"}, "missing_lines": [467, 468, 470, 471, 472, 473, 475, 477, 478, 480, 481, 482, 484, 485, 488, 489, 491, 492, 493, 495, 497, 498, 501, 502, 504, 505, 507, 508, 510, 512], "excluded_lines": [], "start_line": 424, "executed_branches": [], "missing_branches": [[470, 471], [470, 472], [472, 473], [472, 475], [480, 481], [480, 512], [481, 482], [481, 484], [488, 489], [488, 507], [489, 491], [489, 501], [491, 492], [491, 497], [492, 493], [492, 495], [501, 502], [501, 504], [507, 508], [507, 510]]}, "_copy_file_if_needed": {"executed_lines": [], "summary": {"covered_lines": 0, "num_statements": 11, "percent_covered": 0.0, "percent_covered_display": "0.00", "missing_lines": 11, "excluded_lines": 0, "percent_statements_covered": 0.0, "percent_statements_covered_display": "0.00", "num_branches": 4, "num_partial_branches": 0, "covered_branches": 0, "missing_branches": 4, "percent_branches_covered": 0.0, "percent_branches_covered_display": "0.00"}, "missing_lines": [515, 516, 518, 520, 521, 522, 524, 525, 527, 528, 530], "excluded_lines": [], "start_line": 514, "executed_branches": [], "missing_branches": [[520, 521], [520, 524], [527, 528], [527, 530]]}, "create_backup": {"executed_lines": [], "summary": {"covered_lines": 0, "num_statements": 17, "percent_covered": 0.0, "percent_covered_display": "0.00", "missing_lines": 17, "excluded_lines": 0, "percent_statements_covered": 0.0, "percent_statements_covered_display": "0.00", "num_branches": 10, "num_partial_branches": 0, "covered_branches": 0, "missing_branches": 10, "percent_branches_covered": 0.0, "percent_branches_covered_display": "0.00"}, "missing_lines": [579, 581, 582, 583, 584, 587, 588, 591, 595, 596, 598, 599, 600, 601, 602, 603, 605], "excluded_lines": [], "start_line": 535, "executed_branches": [], "missing_branches": [[581, 582], [581, 583], [583, 584], [583, 587], [587, 588], [587, 591], [598, 599], [598, 605], [600, 598], [600, 601]]}, "get_this_filename": {"executed_lines": [], "summary": {"covered_lines": 0, "num_statements": 10, "percent_covered": 0.0, "percent_covered_display": "0.00", "missing_lines": 10, "excluded_lines": 0, "percent_statements_covered": 0.0, "percent_statements_covered_display": "0.00", "num_branches": 6, "num_partial_branches": 0, "covered_branches": 0, "missing_branches": 6, "percent_branches_covered": 0.0, "percent_branches_covered_display": "0.00"}, "missing_lines": [625, 626, 628, 629, 630, 632, 633, 634, 636, 638], "excluded_lines": [], "start_line": 613, "executed_branches": [], "missing_branches": [[625, 626], [625, 628], [629, 630], [629, 632], [633, 634], [633, 638]]}, "is_binary_file": {"executed_lines": [], "summary": {"covered_lines": 0, "num_statements": 15, "percent_covered": 0.0, "percent_covered_display": "0.00", "missing_lines": 15, "excluded_lines": 0, "percent_statements_covered": 0.0, "percent_statements_covered_display": "0.00", "num_branches": 6, "num_partial_branches": 0, "covered_branches": 0, "missing_branches": 6, "percent_branches_covered": 0.0, "percent_branches_covered_display": "0.00"}, "missing_lines": [664, 666, 667, 669, 671, 674, 682, 683, 686, 687, 690, 691, 692, 693, 694], "excluded_lines": [], "start_line": 643, "executed_branches": [], "missing_branches": [[669, 671], [669, 674], [682, 683], [682, 686], [686, 687], [686, 690]]}, "detect_file_encoding": {"executed_lines": [], "summary": {"covered_lines": 0, "num_statements": 29, "percent_covered": 0.0, "percent_covered_display": "0.00", "missing_lines": 29, "excluded_lines": 0, "percent_statements_covered": 0.0, "percent_statements_covered_display": "0.00", "num_branches": 18, "num_partial_branches": 0, "covered_branches": 0, "missing_branches": 18, "percent_branches_covered": 0.0, "percent_branches_covered_display": "0.00"}, "missing_lines": [747, 748, 749, 750, 752, 754, 755, 757, 758, 761, 762, 763, 764, 765, 766, 767, 768, 769, 770, 772, 773, 774, 775, 777, 778, 779, 781, 782, 784], "excluded_lines": [], "start_line": 699, "executed_branches": [], "missing_branches": [[747, 748], [747, 749], [749, 750], [749, 752], [757, 758], [757, 761], [761, 762], [761, 763], [763, 764], [763, 765], [765, 766], [765, 767], [767, 768], [767, 769], [769, 770], [769, 772], [781, 782], [781, 784]]}, "get_file_content": {"executed_lines": [], "summary": {"covered_lines": 0, "num_statements": 10, "percent_covered": 0.0, "percent_covered_display": "0.00", "missing_lines": 10, "excluded_lines": 0, "percent_statements_covered": 0.0, "percent_statements_covered_display": "0.00", "num_branches": 6, "num_partial_branches": 0, "covered_branches": 0, "missing_branches": 6, "percent_branches_covered": 0.0, "percent_branches_covered_display": "0.00"}, "missing_lines": [831, 833, 834, 836, 837, 838, 845, 847, 848, 850], "excluded_lines": [], "start_line": 789, "executed_branches": [], "missing_branches": [[833, 834], [833, 836], [837, 838], [837, 845], [847, 848], [847, 850]]}, "set_file_content": {"executed_lines": [], "summary": {"covered_lines": 0, "num_statements": 20, "percent_covered": 0.0, "percent_covered_display": "0.00", "missing_lines": 20, "excluded_lines": 1, "percent_statements_covered": 0.0, "percent_statements_covered_display": "0.00", "num_branches": 4, "num_partial_branches": 0, "covered_branches": 0, "missing_branches": 4, "percent_branches_covered": 0.0, "percent_branches_covered_display": "0.00"}, "missing_lines": [873, 874, 875, 877, 879, 881, 882, 883, 885, 887, 888, 893, 896, 897, 899, 900, 903, 904, 905, 906], "excluded_lines": [907], "start_line": 855, "executed_branches": [], "missing_branches": [[874, 875], [874, 877], [881, 882], [881, 885]]}, "make_temp_dir": {"executed_lines": [], "summary": {"covered_lines": 0, "num_statements": 3, "percent_covered": 0.0, "percent_covered_display": "0.00", "missing_lines": 3, "excluded_lines": 0, "percent_statements_covered": 0.0, "percent_statements_covered_display": "0.00", "num_branches": 0, "num_partial_branches": 0, "covered_branches": 0, "missing_branches": 0, "percent_branches_covered": 100.0, "percent_branches_covered_display": "100.00"}, "missing_lines": [941, 943, 949], "excluded_lines": [], "start_line": 912, "executed_branches": [], "missing_branches": []}, "apply_to_files": {"executed_lines": [], "summary": {"covered_lines": 0, "num_statements": 33, "percent_covered": 0.0, "percent_covered_display": "0.00", "missing_lines": 33, "excluded_lines": 0, "percent_statements_covered": 0.0, "percent_statements_covered_display": "0.00", "num_branches": 10, "num_partial_branches": 0, "covered_branches": 0, "missing_branches": 10, "percent_branches_covered": 0.0, "percent_branches_covered_display": "0.00"}, "missing_lines": [1014, 1018, 1019, 1021, 1022, 1024, 1031, 1060, 1061, 1063, 1065, 1067, 1068, 1071, 1072, 1073, 1076, 1077, 1078, 1080, 1082, 1083, 1084, 1086, 1087, 1088, 1089, 1090, 1091, 1092, 1093, 1095, 1101], "excluded_lines": [], "start_line": 963, "executed_branches": [], "missing_branches": [[1018, 1019], [1018, 1021], [1067, 1068], [1067, 1095], [1071, 1072], [1071, 1076], [1082, 1083], [1082, 1086], [1091, 1092], [1091, 1093]]}, "apply_to_files._match": {"executed_lines": [], "summary": {"covered_lines": 0, "num_statements": 5, "percent_covered": 0.0, "percent_covered_display": "0.00", "missing_lines": 5, "excluded_lines": 0, "percent_statements_covered": 0.0, "percent_statements_covered_display": "0.00", "num_branches": 4, "num_partial_branches": 0, "covered_branches": 0, "missing_branches": 4, "percent_branches_covered": 0.0, "percent_branches_covered_display": "0.00"}, "missing_lines": [1025, 1026, 1027, 1028, 1029], "excluded_lines": [], "start_line": 1024, "executed_branches": [], "missing_branches": [[1025, 1026], [1025, 1027], [1027, 1028], [1027, 1029]]}, "apply_to_files._iter_files": {"executed_lines": [], "summary": {"covered_lines": 0, "num_statements": 18, "percent_covered": 0.0, "percent_covered_display": "0.00", "missing_lines": 18, "excluded_lines": 0, "percent_statements_covered": 0.0, "percent_statements_covered_display": "0.00", "num_branches": 16, "num_partial_branches": 0, "covered_branches": 0, "missing_branches": 16, "percent_branches_covered": 0.0, "percent_branches_covered_display": "0.00"}, "missing_lines": [1032, 1033, 1034, 1036, 1037, 1038, 1039, 1041, 1042, 1044, 1046, 1048, 1050, 1051, 1052, 1055, 1056, 1058], "excluded_lines": [], "start_line": 1031, "executed_branches": [], "missing_branches": [[1032, 1033], [1032, 1036], [1036, 1037], [1036, 1038], [1038, 1039], [1038, 1041], [1041, 1042], [1041, 1044], [1046, -1031], [1046, 1048], [1048, 1050], [1048, 1055], [1050, 1051], [1050, 1052], [1055, 1056], [1055, 1058]]}, "find_file": {"executed_lines": [], "summary": {"covered_lines": 0, "num_statements": 23, "percent_covered": 0.0, "percent_covered_display": "0.00", "missing_lines": 23, "excluded_lines": 1, "percent_statements_covered": 0.0, "percent_statements_covered_display": "0.00", "num_branches": 18, "num_partial_branches": 0, "covered_branches": 0, "missing_branches": 18, "percent_branches_covered": 0.0, "percent_branches_covered_display": "0.00"}, "missing_lines": [1191, 1192, 1193, 1194, 1197, 1198, 1199, 1200, 1201, 1202, 1204, 1206, 1207, 1210, 1211, 1212, 1213, 1215, 1216, 1217, 1218, 1219, 1221], "excluded_lines": [1113], "start_line": 1106, "executed_branches": [], "missing_branches": [[1191, 1192], [1191, 1193], [1193, 1194], [1193, 1197], [1198, 1199], [1198, 1204], [1200, 1201], [1200, 1202], [1206, 1207], [1206, 1221], [1210, 1206], [1210, 1211], [1212, 1213], [1212, 1215], [1215, 1210], [1215, 1216], [1218, 1215], [1218, 1219]]}, "": {"executed_lines": [], "summary": {"covered_lines": 0, "num_statements": 36, "percent_covered": 0.0, "percent_covered_display": "0.00", "missing_lines": 36, "excluded_lines": 0, "percent_statements_covered": 0.0, "percent_statements_covered_display": "0.00", "num_branches": 0, "num_partial_branches": 0, "covered_branches": 0, "missing_branches": 0, "percent_branches_covered": 100.0, "percent_branches_covered_display": "100.00"}, "missing_lines": [68, 70, 71, 72, 73, 74, 75, 76, 77, 79, 80, 89, 170, 196, 223, 257, 294, 349, 387, 424, 514, 535, 613, 643, 699, 789, 855, 912, 954, 955, 957, 958, 959, 960, 963, 1106], "excluded_lines": [], "start_line": 1, "executed_branches": [], "missing_branches": []}}, "classes": {"ApplyResult": {"executed_lines": [], "summary": {"covered_lines": 0, "num_statements": 0, "percent_covered": 100.0, "percent_covered_display": "100.00", "missing_lines": 0, "excluded_lines": 0, "percent_statements_covered": 100.0, "percent_statements_covered_display": "100.00", "num_branches": 0, "num_partial_branches": 0, "covered_branches": 0, "missing_branches": 0, "percent_branches_covered": 100.0, "percent_branches_covered_display": "100.00"}, "missing_lines": [], "excluded_lines": [], "start_line": 955, "executed_branches": [], "missing_branches": []}, "": {"executed_lines": [], "summary": {"covered_lines": 0, "num_statements": 307, "percent_covered": 0.0, "percent_covered_display": "0.00", "missing_lines": 307, "excluded_lines": 2, "percent_statements_covered": 0.0, "percent_statements_covered_display": "0.00", "num_branches": 152, "num_partial_branches": 0, "covered_branches": 0, "missing_branches": 152, "percent_branches_covered": 0.0, "percent_branches_covered_display": "0.00"}, "missing_lines": [68, 70, 71, 72, 73, 74, 75, 76, 77, 79, 80, 89, 154, 155, 157, 159, 160, 162, 163, 165, 170, 192, 196, 218, 223, 244, 246, 247, 249, 250, 252, 257, 281, 283, 284, 285, 286, 288, 289, 294, 328, 330, 331, 333, 334, 336, 337, 338, 339, 340, 344, 349, 373, 374, 376, 379, 380, 382, 387, 407, 410, 411, 414, 415, 417, 419, 424, 467, 468, 470, 471, 472, 473, 475, 477, 478, 480, 481, 482, 484, 485, 488, 489, 491, 492, 493, 495, 497, 498, 501, 502, 504, 505, 507, 508, 510, 512, 514, 515, 516, 518, 520, 521, 522, 524, 525, 527, 528, 530, 535, 579, 581, 582, 583, 584, 587, 588, 591, 595, 596, 598, 599, 600, 601, 602, 603, 605, 613, 625, 626, 628, 629, 630, 632, 633, 634, 636, 638, 643, 664, 666, 667, 669, 671, 674, 682, 683, 686, 687, 690, 691, 692, 693, 694, 699, 747, 748, 749, 750, 752, 754, 755, 757, 758, 761, 762, 763, 764, 765, 766, 767, 768, 769, 770, 772, 773, 774, 775, 777, 778, 779, 781, 782, 784, 789, 831, 833, 834, 836, 837, 838, 845, 847, 848, 850, 855, 873, 874, 875, 877, 879, 881, 882, 883, 885, 887, 888, 893, 896, 897, 899, 900, 903, 904, 905, 906, 912, 941, 943, 949, 954, 955, 957, 958, 959, 960, 963, 1014, 1018, 1019, 1021, 1022, 1024, 1025, 1026, 1027, 1028, 1029, 1031, 1032, 1033, 1034, 1036, 1037, 1038, 1039, 1041, 1042, 1044, 1046, 1048, 1050, 1051, 1052, 1055, 1056, 1058, 1060, 1061, 1063, 1065, 1067, 1068, 1071, 1072, 1073, 1076, 1077, 1078, 1080, 1082, 1083, 1084, 1086, 1087, 1088, 1089, 1090, 1091, 1092, 1093, 1095, 1101, 1106, 1191, 1192, 1193, 1194, 1197, 1198, 1199, 1200, 1201, 1202, 1204, 1206, 1207, 1210, 1211, 1212, 1213, 1215, 1216, 1217, 1218, 1219, 1221], "excluded_lines": [907, 1113], "start_line": 1, "executed_branches": [], "missing_branches": [[154, 155], [154, 157], [159, 160], [159, 162], [162, 163], [162, 165], [246, 247], [246, 249], [249, 250], [249, 252], [283, 284], [283, 288], [284, 285], [284, 286], [330, 331], [330, 333], [333, 334], [333, 336], [336, 337], [336, 344], [339, 340], [339, 344], [373, 374], [373, 376], [379, 380], [379, 382], [410, 411], [410, 414], [414, 415], [414, 417], [470, 471], [470, 472], [472, 473], [472, 475], [480, 481], [480, 512], [481, 482], [481, 484], [488, 489], [488, 507], [489, 491], [489, 501], [491, 492], [491, 497], [492, 493], [492, 495], [501, 502], [501, 504], [507, 508], [507, 510], [520, 521], [520, 524], [527, 528], [527, 530], [581, 582], [581, 583], [583, 584], [583, 587], [587, 588], [587, 591], [598, 599], [598, 605], [600, 598], [600, 601], [625, 626], [625, 628], [629, 630], [629, 632], [633, 634], [633, 638], [669, 671], [669, 674], [682, 683], [682, 686], [686, 687], [686, 690], [747, 748], [747, 749], [749, 750], [749, 752], [757, 758], [757, 761], [761, 762], [761, 763], [763, 764], [763, 765], [765, 766], [765, 767], [767, 768], [767, 769], [769, 770], [769, 772], [781, 782], [781, 784], [833, 834], [833, 836], [837, 838], [837, 845], [847, 848], [847, 850], [874, 875], [874, 877], [881, 882], [881, 885], [1018, 1019], [1018, 1021], [1025, 1026], [1025, 1027], [1027, 1028], [1027, 1029], [1032, 1033], [1032, 1036], [1036, 1037], [1036, 1038], [1038, 1039], [1038, 1041], [1041, 1042], [1041, 1044], [1046, -1031], [1046, 1048], [1048, 1050], [1048, 1055], [1050, 1051], [1050, 1052], [1055, 1056], [1055, 1058], [1067, 1068], [1067, 1095], [1071, 1072], [1071, 1076], [1082, 1083], [1082, 1086], [1091, 1092], [1091, 1093], [1191, 1192], [1191, 1193], [1193, 1194], [1193, 1197], [1198, 1199], [1198, 1204], [1200, 1201], [1200, 1202], [1206, 1207], [1206, 1221], [1210, 1206], [1210, 1211], [1212, 1213], [1212, 1215], [1215, 1210], [1215, 1216], [1218, 1215], [1218, 1219]]}}}, "pymdtools\\common\\text.py": {"executed_lines": [], "summary": {"covered_lines": 0, "num_statements": 79, "percent_covered": 0.0, "percent_covered_display": "0.00", "missing_lines": 79, "excluded_lines": 0, "percent_statements_covered": 0.0, "percent_statements_covered_display": "0.00", "num_branches": 26, "num_partial_branches": 0, "covered_branches": 0, "missing_branches": 26, "percent_branches_covered": 0.0, "percent_branches_covered_display": "0.00"}, "missing_lines": [66, 68, 69, 70, 71, 72, 73, 82, 108, 109, 111, 112, 113, 114, 119, 135, 136, 137, 138, 140, 145, 164, 166, 168, 171, 172, 175, 178, 180, 186, 192, 218, 220, 221, 224, 227, 230, 232, 233, 236, 237, 238, 239, 241, 246, 267, 270, 273, 278, 297, 298, 301, 304, 307, 308, 311, 314, 316, 320, 341, 342, 343, 344, 345, 346, 348, 349, 351, 352, 354, 355, 357, 358, 359, 361, 362, 363, 365, 367], "excluded_lines": [], "executed_branches": [], "missing_branches": [[166, 168], [166, 171], [220, 221], [220, 224], [232, 233], [232, 236], [237, 238], [237, 241], [307, 308], [307, 311], [341, 342], [341, 343], [343, 344], [343, 345], [345, 346], [345, 348], [348, 349], [348, 351], [354, 355], [354, 367], [355, 357], [355, 358], [358, 359], [358, 361], [362, 363], [362, 365]], "functions": {"convert_for_stdout": {"executed_lines": [], "summary": {"covered_lines": 0, "num_statements": 6, "percent_covered": 0.0, "percent_covered_display": "0.00", "missing_lines": 6, "excluded_lines": 0, "percent_statements_covered": 0.0, "percent_statements_covered_display": "0.00", "num_branches": 0, "num_partial_branches": 0, "covered_branches": 0, "missing_branches": 0, "percent_branches_covered": 100.0, "percent_branches_covered_display": "100.00"}, "missing_lines": [108, 109, 111, 112, 113, 114], "excluded_lines": [], "start_line": 82, "executed_branches": [], "missing_branches": []}, "to_ascii": {"executed_lines": [], "summary": {"covered_lines": 0, "num_statements": 5, "percent_covered": 0.0, "percent_covered_display": "0.00", "missing_lines": 5, "excluded_lines": 0, "percent_statements_covered": 0.0, "percent_statements_covered_display": "0.00", "num_branches": 0, "num_partial_branches": 0, "covered_branches": 0, "missing_branches": 0, "percent_branches_covered": 100.0, "percent_branches_covered_display": "100.00"}, "missing_lines": [135, 136, 137, 138, 140], "excluded_lines": [], "start_line": 119, "executed_branches": [], "missing_branches": []}, "slugify": {"executed_lines": [], "summary": {"covered_lines": 0, "num_statements": 8, "percent_covered": 0.0, "percent_covered_display": "0.00", "missing_lines": 8, "excluded_lines": 0, "percent_statements_covered": 0.0, "percent_statements_covered_display": "0.00", "num_branches": 2, "num_partial_branches": 0, "covered_branches": 0, "missing_branches": 2, "percent_branches_covered": 0.0, "percent_branches_covered_display": "0.00"}, "missing_lines": [164, 166, 168, 171, 172, 175, 178, 180], "excluded_lines": [], "start_line": 145, "executed_branches": [], "missing_branches": [[166, 168], [166, 171]]}, "get_valid_filename": {"executed_lines": [], "summary": {"covered_lines": 0, "num_statements": 13, "percent_covered": 0.0, "percent_covered_display": "0.00", "missing_lines": 13, "excluded_lines": 0, "percent_statements_covered": 0.0, "percent_statements_covered_display": "0.00", "num_branches": 6, "num_partial_branches": 0, "covered_branches": 0, "missing_branches": 6, "percent_branches_covered": 0.0, "percent_branches_covered_display": "0.00"}, "missing_lines": [218, 220, 221, 224, 227, 230, 232, 233, 236, 237, 238, 239, 241], "excluded_lines": [], "start_line": 192, "executed_branches": [], "missing_branches": [[220, 221], [220, 224], [232, 233], [232, 236], [237, 238], [237, 241]]}, "get_flat_filename": {"executed_lines": [], "summary": {"covered_lines": 0, "num_statements": 3, "percent_covered": 0.0, "percent_covered_display": "0.00", "missing_lines": 3, "excluded_lines": 0, "percent_statements_covered": 0.0, "percent_statements_covered_display": "0.00", "num_branches": 0, "num_partial_branches": 0, "covered_branches": 0, "missing_branches": 0, "percent_branches_covered": 100.0, "percent_branches_covered_display": "100.00"}, "missing_lines": [267, 270, 273], "excluded_lines": [], "start_line": 246, "executed_branches": [], "missing_branches": []}, "path_to_url": {"executed_lines": [], "summary": {"covered_lines": 0, "num_statements": 9, "percent_covered": 0.0, "percent_covered_display": "0.00", "missing_lines": 9, "excluded_lines": 0, "percent_statements_covered": 0.0, "percent_statements_covered_display": "0.00", "num_branches": 2, "num_partial_branches": 0, "covered_branches": 0, "missing_branches": 2, "percent_branches_covered": 0.0, "percent_branches_covered_display": "0.00"}, "missing_lines": [297, 298, 301, 304, 307, 308, 311, 314, 316], "excluded_lines": [], "start_line": 278, "executed_branches": [], "missing_branches": [[307, 308], [307, 311]]}, "limit_str": {"executed_lines": [], "summary": {"covered_lines": 0, "num_statements": 20, "percent_covered": 0.0, "percent_covered_display": "0.00", "missing_lines": 20, "excluded_lines": 0, "percent_statements_covered": 0.0, "percent_statements_covered_display": "0.00", "num_branches": 16, "num_partial_branches": 0, "covered_branches": 0, "missing_branches": 16, "percent_branches_covered": 0.0, "percent_branches_covered_display": "0.00"}, "missing_lines": [341, 342, 343, 344, 345, 346, 348, 349, 351, 352, 354, 355, 357, 358, 359, 361, 362, 363, 365, 367], "excluded_lines": [], "start_line": 320, "executed_branches": [], "missing_branches": [[341, 342], [341, 343], [343, 344], [343, 345], [345, 346], [345, 348], [348, 349], [348, 351], [354, 355], [354, 367], [355, 357], [355, 358], [358, 359], [358, 361], [362, 363], [362, 365]]}, "": {"executed_lines": [], "summary": {"covered_lines": 0, "num_statements": 15, "percent_covered": 0.0, "percent_covered_display": "0.00", "missing_lines": 15, "excluded_lines": 0, "percent_statements_covered": 0.0, "percent_statements_covered_display": "0.00", "num_branches": 0, "num_partial_branches": 0, "covered_branches": 0, "missing_branches": 0, "percent_branches_covered": 100.0, "percent_branches_covered_display": "100.00"}, "missing_lines": [66, 68, 69, 70, 71, 72, 73, 82, 119, 145, 186, 192, 246, 278, 320], "excluded_lines": [], "start_line": 1, "executed_branches": [], "missing_branches": []}}, "classes": {"": {"executed_lines": [], "summary": {"covered_lines": 0, "num_statements": 79, "percent_covered": 0.0, "percent_covered_display": "0.00", "missing_lines": 79, "excluded_lines": 0, "percent_statements_covered": 0.0, "percent_statements_covered_display": "0.00", "num_branches": 26, "num_partial_branches": 0, "covered_branches": 0, "missing_branches": 26, "percent_branches_covered": 0.0, "percent_branches_covered_display": "0.00"}, "missing_lines": [66, 68, 69, 70, 71, 72, 73, 82, 108, 109, 111, 112, 113, 114, 119, 135, 136, 137, 138, 140, 145, 164, 166, 168, 171, 172, 175, 178, 180, 186, 192, 218, 220, 221, 224, 227, 230, 232, 233, 236, 237, 238, 239, 241, 246, 267, 270, 273, 278, 297, 298, 301, 304, 307, 308, 311, 314, 316, 320, 341, 342, 343, 344, 345, 346, 348, 349, 351, 352, 354, 355, 357, 358, 359, 361, 362, 363, 365, 367], "excluded_lines": [], "start_line": 1, "executed_branches": [], "missing_branches": [[166, 168], [166, 171], [220, 221], [220, 224], [232, 233], [232, 236], [237, 238], [237, 241], [307, 308], [307, 311], [341, 342], [341, 343], [343, 344], [343, 345], [345, 346], [345, 348], [348, 349], [348, 351], [354, 355], [354, 367], [355, 357], [355, 358], [358, 359], [358, 361], [362, 363], [362, 365]]}}}, "pymdtools\\filetools.py": {"executed_lines": [], "summary": {"covered_lines": 0, "num_statements": 180, "percent_covered": 0.0, "percent_covered_display": "0.00", "missing_lines": 180, "excluded_lines": 1, "percent_statements_covered": 0.0, "percent_statements_covered_display": "0.00", "num_branches": 74, "num_partial_branches": 0, "covered_branches": 0, "missing_branches": 74, "percent_branches_covered": 0.0, "percent_branches_covered_display": "0.00"}, "missing_lines": [28, 29, 31, 35, 39, 40, 41, 42, 44, 45, 46, 48, 49, 51, 52, 54, 59, 63, 64, 66, 67, 68, 69, 70, 71, 73, 78, 109, 110, 111, 113, 114, 115, 116, 119, 120, 125, 141, 142, 143, 145, 146, 147, 148, 150, 155, 162, 163, 164, 169, 196, 197, 198, 199, 201, 202, 204, 205, 206, 208, 209, 211, 212, 213, 214, 216, 217, 219, 220, 221, 223, 224, 226, 227, 228, 230, 232, 233, 235, 237, 238, 240, 241, 242, 244, 245, 247, 248, 249, 250, 252, 253, 255, 256, 258, 259, 260, 262, 263, 265, 266, 267, 268, 269, 270, 272, 274, 276, 278, 280, 282, 283, 285, 286, 287, 289, 294, 295, 296, 297, 299, 300, 305, 324, 332, 334, 335, 336, 338, 339, 340, 342, 343, 345, 346, 348, 350, 351, 353, 354, 356, 357, 359, 361, 362, 364, 366, 367, 369, 371, 372, 374, 376, 384, 385, 387, 388, 390, 391, 393, 407, 408, 410, 411, 413, 414, 416, 417, 419, 420, 422, 423, 425, 426, 427, 428, 429, 430, 432, 433], "excluded_lines": [156], "executed_branches": [], "missing_branches": [[39, 40], [39, 44], [40, 41], [40, 42], [44, 45], [44, 46], [48, 49], [48, 51], [51, 52], [51, 54], [63, 64], [63, 66], [67, 68], [67, 70], [68, 69], [68, 73], [70, 71], [70, 73], [146, 147], [146, 150], [147, 146], [147, 148], [162, 163], [162, 164], [198, -196], [198, 199], [204, 205], [204, 206], [211, 212], [211, 214], [219, 220], [219, 221], [226, 227], [226, 230], [232, 233], [232, 235], [240, 241], [240, 242], [247, 248], [247, 249], [249, 250], [249, 252], [258, 259], [258, 260], [265, 266], [265, 267], [267, 268], [267, 269], [269, 270], [269, 272], [286, 287], [286, 289], [294, 295], [294, 296], [296, 297], [296, 299], [338, 339], [338, 342], [342, -324], [342, 343], [384, 385], [384, 387], [387, 388], [387, 390], [407, 408], [407, 410], [410, 411], [410, 413], [413, 414], [413, 416], [416, 417], [416, 419], [429, 430], [429, 432]], "functions": {"_relative_template_path": {"executed_lines": [], "summary": {"covered_lines": 0, "num_statements": 12, "percent_covered": 0.0, "percent_covered_display": "0.00", "missing_lines": 12, "excluded_lines": 0, "percent_statements_covered": 0.0, "percent_statements_covered_display": "0.00", "num_branches": 10, "num_partial_branches": 0, "covered_branches": 0, "missing_branches": 10, "percent_branches_covered": 0.0, "percent_branches_covered_display": "0.00"}, "missing_lines": [39, 40, 41, 42, 44, 45, 46, 48, 49, 51, 52, 54], "excluded_lines": [], "start_line": 35, "executed_branches": [], "missing_branches": [[39, 40], [39, 44], [40, 41], [40, 42], [44, 45], [44, 46], [48, 49], [48, 51], [51, 52], [51, 54]]}, "_template_base": {"executed_lines": [], "summary": {"covered_lines": 0, "num_statements": 9, "percent_covered": 0.0, "percent_covered_display": "0.00", "missing_lines": 9, "excluded_lines": 0, "percent_statements_covered": 0.0, "percent_statements_covered_display": "0.00", "num_branches": 8, "num_partial_branches": 0, "covered_branches": 0, "missing_branches": 8, "percent_branches_covered": 0.0, "percent_branches_covered_display": "0.00"}, "missing_lines": [63, 64, 66, 67, 68, 69, 70, 71, 73], "excluded_lines": [], "start_line": 59, "executed_branches": [], "missing_branches": [[63, 64], [63, 66], [67, 68], [67, 70], [68, 69], [68, 73], [70, 71], [70, 73]]}, "get_template_file": {"executed_lines": [], "summary": {"covered_lines": 0, "num_statements": 9, "percent_covered": 0.0, "percent_covered_display": "0.00", "missing_lines": 9, "excluded_lines": 0, "percent_statements_covered": 0.0, "percent_statements_covered_display": "0.00", "num_branches": 0, "num_partial_branches": 0, "covered_branches": 0, "missing_branches": 0, "percent_branches_covered": 100.0, "percent_branches_covered_display": "100.00"}, "missing_lines": [109, 110, 111, 113, 114, 115, 116, 119, 120], "excluded_lines": [], "start_line": 78, "executed_branches": [], "missing_branches": []}, "get_template_files_in_folder": {"executed_lines": [], "summary": {"covered_lines": 0, "num_statements": 8, "percent_covered": 0.0, "percent_covered_display": "0.00", "missing_lines": 8, "excluded_lines": 0, "percent_statements_covered": 0.0, "percent_statements_covered_display": "0.00", "num_branches": 4, "num_partial_branches": 0, "covered_branches": 0, "missing_branches": 4, "percent_branches_covered": 0.0, "percent_branches_covered_display": "0.00"}, "missing_lines": [141, 142, 143, 145, 146, 147, 148, 150], "excluded_lines": [], "start_line": 125, "executed_branches": [], "missing_branches": [[146, 147], [146, 150], [147, 146], [147, 148]]}, "_validate_text_content": {"executed_lines": [], "summary": {"covered_lines": 0, "num_statements": 3, "percent_covered": 0.0, "percent_covered_display": "0.00", "missing_lines": 3, "excluded_lines": 1, "percent_statements_covered": 0.0, "percent_statements_covered_display": "0.00", "num_branches": 2, "num_partial_branches": 0, "covered_branches": 0, "missing_branches": 2, "percent_branches_covered": 0.0, "percent_branches_covered_display": "0.00"}, "missing_lines": [162, 163, 164], "excluded_lines": [156], "start_line": 155, "executed_branches": [], "missing_branches": [[162, 163], [162, 164]]}, "FileName.__init__": {"executed_lines": [], "summary": {"covered_lines": 0, "num_statements": 3, "percent_covered": 0.0, "percent_covered_display": "0.00", "missing_lines": 3, "excluded_lines": 0, "percent_statements_covered": 0.0, "percent_statements_covered_display": "0.00", "num_branches": 2, "num_partial_branches": 0, "covered_branches": 0, "missing_branches": 2, "percent_branches_covered": 0.0, "percent_branches_covered_display": "0.00"}, "missing_lines": [197, 198, 199], "excluded_lines": [], "start_line": 196, "executed_branches": [], "missing_branches": [[198, -196], [198, 199]]}, "FileName.full_filename": {"executed_lines": [], "summary": {"covered_lines": 0, "num_statements": 4, "percent_covered": 0.0, "percent_covered_display": "0.00", "missing_lines": 4, "excluded_lines": 0, "percent_statements_covered": 0.0, "percent_statements_covered_display": "0.00", "num_branches": 2, "num_partial_branches": 0, "covered_branches": 0, "missing_branches": 2, "percent_branches_covered": 0.0, "percent_branches_covered_display": "0.00"}, "missing_lines": [211, 212, 213, 214], "excluded_lines": [], "start_line": 209, "executed_branches": [], "missing_branches": [[211, 212], [211, 214]]}, "FileName.filename": {"executed_lines": [], "summary": {"covered_lines": 0, "num_statements": 7, "percent_covered": 0.0, "percent_covered_display": "0.00", "missing_lines": 7, "excluded_lines": 0, "percent_statements_covered": 0.0, "percent_statements_covered_display": "0.00", "num_branches": 4, "num_partial_branches": 0, "covered_branches": 0, "missing_branches": 4, "percent_branches_covered": 0.0, "percent_branches_covered_display": "0.00"}, "missing_lines": [226, 227, 228, 230, 232, 233, 235], "excluded_lines": [], "start_line": 224, "executed_branches": [], "missing_branches": [[226, 227], [226, 230], [232, 233], [232, 235]]}, "FileName.filename_path": {"executed_lines": [], "summary": {"covered_lines": 0, "num_statements": 6, "percent_covered": 0.0, "percent_covered_display": "0.00", "missing_lines": 6, "excluded_lines": 0, "percent_statements_covered": 0.0, "percent_statements_covered_display": "0.00", "num_branches": 4, "num_partial_branches": 0, "covered_branches": 0, "missing_branches": 4, "percent_branches_covered": 0.0, "percent_branches_covered_display": "0.00"}, "missing_lines": [247, 248, 249, 250, 252, 253], "excluded_lines": [], "start_line": 245, "executed_branches": [], "missing_branches": [[247, 248], [247, 249], [249, 250], [249, 252]]}, "FileName.filename_ext": {"executed_lines": [], "summary": {"covered_lines": 0, "num_statements": 7, "percent_covered": 0.0, "percent_covered_display": "0.00", "missing_lines": 7, "excluded_lines": 0, "percent_statements_covered": 0.0, "percent_statements_covered_display": "0.00", "num_branches": 6, "num_partial_branches": 0, "covered_branches": 0, "missing_branches": 6, "percent_branches_covered": 0.0, "percent_branches_covered_display": "0.00"}, "missing_lines": [265, 266, 267, 268, 269, 270, 272], "excluded_lines": [], "start_line": 263, "executed_branches": [], "missing_branches": [[265, 266], [265, 267], [267, 268], [267, 269], [269, 270], [269, 272]]}, "FileName.is_file": {"executed_lines": [], "summary": {"covered_lines": 0, "num_statements": 1, "percent_covered": 0.0, "percent_covered_display": "0.00", "missing_lines": 1, "excluded_lines": 0, "percent_statements_covered": 0.0, "percent_statements_covered_display": "0.00", "num_branches": 0, "num_partial_branches": 0, "covered_branches": 0, "missing_branches": 0, "percent_branches_covered": 100.0, "percent_branches_covered_display": "100.00"}, "missing_lines": [276], "excluded_lines": [], "start_line": 274, "executed_branches": [], "missing_branches": []}, "FileName.is_dir": {"executed_lines": [], "summary": {"covered_lines": 0, "num_statements": 1, "percent_covered": 0.0, "percent_covered_display": "0.00", "missing_lines": 1, "excluded_lines": 0, "percent_statements_covered": 0.0, "percent_statements_covered_display": "0.00", "num_branches": 0, "num_partial_branches": 0, "covered_branches": 0, "missing_branches": 0, "percent_branches_covered": 100.0, "percent_branches_covered_display": "100.00"}, "missing_lines": [280], "excluded_lines": [], "start_line": 278, "executed_branches": [], "missing_branches": []}, "FileName.__repr__": {"executed_lines": [], "summary": {"covered_lines": 0, "num_statements": 1, "percent_covered": 0.0, "percent_covered_display": "0.00", "missing_lines": 1, "excluded_lines": 0, "percent_statements_covered": 0.0, "percent_statements_covered_display": "0.00", "num_branches": 0, "num_partial_branches": 0, "covered_branches": 0, "missing_branches": 0, "percent_branches_covered": 100.0, "percent_branches_covered_display": "100.00"}, "missing_lines": [283], "excluded_lines": [], "start_line": 282, "executed_branches": [], "missing_branches": []}, "FileName.__str__": {"executed_lines": [], "summary": {"covered_lines": 0, "num_statements": 9, "percent_covered": 0.0, "percent_covered_display": "0.00", "missing_lines": 9, "excluded_lines": 0, "percent_statements_covered": 0.0, "percent_statements_covered_display": "0.00", "num_branches": 6, "num_partial_branches": 0, "covered_branches": 0, "missing_branches": 6, "percent_branches_covered": 0.0, "percent_branches_covered_display": "0.00"}, "missing_lines": [286, 287, 289, 294, 295, 296, 297, 299, 300], "excluded_lines": [], "start_line": 285, "executed_branches": [], "missing_branches": [[286, 287], [286, 289], [294, 295], [294, 296], [296, 297], [296, 299]]}, "FileContent.__init__": {"executed_lines": [], "summary": {"covered_lines": 0, "num_statements": 9, "percent_covered": 0.0, "percent_covered_display": "0.00", "missing_lines": 9, "excluded_lines": 0, "percent_statements_covered": 0.0, "percent_statements_covered_display": "0.00", "num_branches": 4, "num_partial_branches": 0, "covered_branches": 0, "missing_branches": 4, "percent_branches_covered": 0.0, "percent_branches_covered_display": "0.00"}, "missing_lines": [332, 334, 335, 336, 338, 339, 340, 342, 343], "excluded_lines": [], "start_line": 324, "executed_branches": [], "missing_branches": [[338, 339], [338, 342], [342, -324], [342, 343]]}, "FileContent.content": {"executed_lines": [], "summary": {"covered_lines": 0, "num_statements": 2, "percent_covered": 0.0, "percent_covered_display": "0.00", "missing_lines": 2, "excluded_lines": 0, "percent_statements_covered": 0.0, "percent_statements_covered_display": "0.00", "num_branches": 0, "num_partial_branches": 0, "covered_branches": 0, "missing_branches": 0, "percent_branches_covered": 100.0, "percent_branches_covered_display": "100.00"}, "missing_lines": [353, 354], "excluded_lines": [], "start_line": 351, "executed_branches": [], "missing_branches": []}, "FileContent.backup": {"executed_lines": [], "summary": {"covered_lines": 0, "num_statements": 1, "percent_covered": 0.0, "percent_covered_display": "0.00", "missing_lines": 1, "excluded_lines": 0, "percent_statements_covered": 0.0, "percent_statements_covered_display": "0.00", "num_branches": 0, "num_partial_branches": 0, "covered_branches": 0, "missing_branches": 0, "percent_branches_covered": 100.0, "percent_branches_covered_display": "100.00"}, "missing_lines": [364], "excluded_lines": [], "start_line": 362, "executed_branches": [], "missing_branches": []}, "FileContent.save_needed": {"executed_lines": [], "summary": {"covered_lines": 0, "num_statements": 1, "percent_covered": 0.0, "percent_covered_display": "0.00", "missing_lines": 1, "excluded_lines": 0, "percent_statements_covered": 0.0, "percent_statements_covered_display": "0.00", "num_branches": 0, "num_partial_branches": 0, "covered_branches": 0, "missing_branches": 0, "percent_branches_covered": 100.0, "percent_branches_covered_display": "100.00"}, "missing_lines": [374], "excluded_lines": [], "start_line": 372, "executed_branches": [], "missing_branches": []}, "FileContent.read": {"executed_lines": [], "summary": {"covered_lines": 0, "num_statements": 6, "percent_covered": 0.0, "percent_covered_display": "0.00", "missing_lines": 6, "excluded_lines": 0, "percent_statements_covered": 0.0, "percent_statements_covered_display": "0.00", "num_branches": 4, "num_partial_branches": 0, "covered_branches": 0, "missing_branches": 4, "percent_branches_covered": 0.0, "percent_branches_covered_display": "0.00"}, "missing_lines": [384, 385, 387, 388, 390, 391], "excluded_lines": [], "start_line": 376, "executed_branches": [], "missing_branches": [[384, 385], [384, 387], [387, 388], [387, 390]]}, "FileContent.write": {"executed_lines": [], "summary": {"covered_lines": 0, "num_statements": 10, "percent_covered": 0.0, "percent_covered_display": "0.00", "missing_lines": 10, "excluded_lines": 0, "percent_statements_covered": 0.0, "percent_statements_covered_display": "0.00", "num_branches": 8, "num_partial_branches": 0, "covered_branches": 0, "missing_branches": 8, "percent_branches_covered": 0.0, "percent_branches_covered_display": "0.00"}, "missing_lines": [407, 408, 410, 411, 413, 414, 416, 417, 419, 420], "excluded_lines": [], "start_line": 393, "executed_branches": [], "missing_branches": [[407, 408], [407, 410], [410, 411], [410, 413], [413, 414], [413, 416], [416, 417], [416, 419]]}, "FileContent.__repr__": {"executed_lines": [], "summary": {"covered_lines": 0, "num_statements": 1, "percent_covered": 0.0, "percent_covered_display": "0.00", "missing_lines": 1, "excluded_lines": 0, "percent_statements_covered": 0.0, "percent_statements_covered_display": "0.00", "num_branches": 0, "num_partial_branches": 0, "covered_branches": 0, "missing_branches": 0, "percent_branches_covered": 100.0, "percent_branches_covered_display": "100.00"}, "missing_lines": [423], "excluded_lines": [], "start_line": 422, "executed_branches": [], "missing_branches": []}, "FileContent.__str__": {"executed_lines": [], "summary": {"covered_lines": 0, "num_statements": 7, "percent_covered": 0.0, "percent_covered_display": "0.00", "missing_lines": 7, "excluded_lines": 0, "percent_statements_covered": 0.0, "percent_statements_covered_display": "0.00", "num_branches": 2, "num_partial_branches": 0, "covered_branches": 0, "missing_branches": 2, "percent_branches_covered": 0.0, "percent_branches_covered_display": "0.00"}, "missing_lines": [426, 427, 428, 429, 430, 432, 433], "excluded_lines": [], "start_line": 425, "executed_branches": [], "missing_branches": [[429, 430], [429, 432]]}, "": {"executed_lines": [], "summary": {"covered_lines": 0, "num_statements": 48, "percent_covered": 0.0, "percent_covered_display": "0.00", "missing_lines": 48, "excluded_lines": 0, "percent_statements_covered": 0.0, "percent_statements_covered_display": "0.00", "num_branches": 0, "num_partial_branches": 0, "covered_branches": 0, "missing_branches": 0, "percent_branches_covered": 100.0, "percent_branches_covered_display": "100.00"}, "missing_lines": [28, 29, 31, 35, 59, 78, 125, 155, 169, 196, 201, 202, 208, 209, 216, 217, 223, 224, 237, 238, 244, 245, 255, 256, 262, 263, 274, 278, 282, 285, 305, 324, 345, 346, 350, 351, 356, 357, 361, 362, 366, 367, 371, 372, 376, 393, 422, 425], "excluded_lines": [], "start_line": 1, "executed_branches": [], "missing_branches": []}}, "classes": {"FileName": {"executed_lines": [], "summary": {"covered_lines": 0, "num_statements": 51, "percent_covered": 0.0, "percent_covered_display": "0.00", "missing_lines": 51, "excluded_lines": 0, "percent_statements_covered": 0.0, "percent_statements_covered_display": "0.00", "num_branches": 32, "num_partial_branches": 0, "covered_branches": 0, "missing_branches": 32, "percent_branches_covered": 0.0, "percent_branches_covered_display": "0.00"}, "missing_lines": [197, 198, 199, 204, 205, 206, 211, 212, 213, 214, 219, 220, 221, 226, 227, 228, 230, 232, 233, 235, 240, 241, 242, 247, 248, 249, 250, 252, 253, 258, 259, 260, 265, 266, 267, 268, 269, 270, 272, 276, 280, 283, 286, 287, 289, 294, 295, 296, 297, 299, 300], "excluded_lines": [], "start_line": 169, "executed_branches": [], "missing_branches": [[198, -196], [198, 199], [204, 205], [204, 206], [211, 212], [211, 214], [219, 220], [219, 221], [226, 227], [226, 230], [232, 233], [232, 235], [240, 241], [240, 242], [247, 248], [247, 249], [249, 250], [249, 252], [258, 259], [258, 260], [265, 266], [265, 267], [267, 268], [267, 269], [269, 270], [269, 272], [286, 287], [286, 289], [294, 295], [294, 296], [296, 297], [296, 299]]}, "FileContent": {"executed_lines": [], "summary": {"covered_lines": 0, "num_statements": 40, "percent_covered": 0.0, "percent_covered_display": "0.00", "missing_lines": 40, "excluded_lines": 0, "percent_statements_covered": 0.0, "percent_statements_covered_display": "0.00", "num_branches": 18, "num_partial_branches": 0, "covered_branches": 0, "missing_branches": 18, "percent_branches_covered": 0.0, "percent_branches_covered_display": "0.00"}, "missing_lines": [332, 334, 335, 336, 338, 339, 340, 342, 343, 348, 353, 354, 359, 364, 369, 374, 384, 385, 387, 388, 390, 391, 407, 408, 410, 411, 413, 414, 416, 417, 419, 420, 423, 426, 427, 428, 429, 430, 432, 433], "excluded_lines": [], "start_line": 305, "executed_branches": [], "missing_branches": [[338, 339], [338, 342], [342, -324], [342, 343], [384, 385], [384, 387], [387, 388], [387, 390], [407, 408], [407, 410], [410, 411], [410, 413], [413, 414], [413, 416], [416, 417], [416, 419], [429, 430], [429, 432]]}, "": {"executed_lines": [], "summary": {"covered_lines": 0, "num_statements": 89, "percent_covered": 0.0, "percent_covered_display": "0.00", "missing_lines": 89, "excluded_lines": 1, "percent_statements_covered": 0.0, "percent_statements_covered_display": "0.00", "num_branches": 24, "num_partial_branches": 0, "covered_branches": 0, "missing_branches": 24, "percent_branches_covered": 0.0, "percent_branches_covered_display": "0.00"}, "missing_lines": [28, 29, 31, 35, 39, 40, 41, 42, 44, 45, 46, 48, 49, 51, 52, 54, 59, 63, 64, 66, 67, 68, 69, 70, 71, 73, 78, 109, 110, 111, 113, 114, 115, 116, 119, 120, 125, 141, 142, 143, 145, 146, 147, 148, 150, 155, 162, 163, 164, 169, 196, 201, 202, 208, 209, 216, 217, 223, 224, 237, 238, 244, 245, 255, 256, 262, 263, 274, 278, 282, 285, 305, 324, 345, 346, 350, 351, 356, 357, 361, 362, 366, 367, 371, 372, 376, 393, 422, 425], "excluded_lines": [156], "start_line": 1, "executed_branches": [], "missing_branches": [[39, 40], [39, 44], [40, 41], [40, 42], [44, 45], [44, 46], [48, 49], [48, 51], [51, 52], [51, 54], [63, 64], [63, 66], [67, 68], [67, 70], [68, 69], [68, 73], [70, 71], [70, 73], [146, 147], [146, 150], [147, 146], [147, 148], [162, 163], [162, 164]]}}}, "pymdtools\\instruction.py": {"executed_lines": [], "summary": {"covered_lines": 0, "num_statements": 433, "percent_covered": 0.0, "percent_covered_display": "0.00", "missing_lines": 433, "excluded_lines": 0, "percent_statements_covered": 0.0, "percent_statements_covered_display": "0.00", "num_branches": 166, "num_partial_branches": 0, "covered_branches": 0, "missing_branches": 166, "percent_branches_covered": 0.0, "percent_branches_covered_display": "0.00"}, "missing_lines": [24, 31, 32, 33, 34, 36, 51, 53, 54, 55, 77, 91, 94, 110, 119, 145, 167, 169, 178, 182, 205, 228, 235, 253, 256, 262, 269, 270, 271, 272, 273, 277, 279, 283, 285, 289, 291, 292, 293, 297, 299, 303, 305, 306, 307, 308, 312, 314, 318, 331, 336, 359, 361, 362, 363, 364, 365, 367, 368, 369, 371, 372, 373, 374, 376, 377, 382, 407, 408, 409, 414, 437, 438, 440, 443, 447, 448, 455, 456, 459, 461, 463, 464, 472, 473, 474, 481, 486, 505, 507, 508, 515, 520, 557, 558, 559, 560, 562, 563, 565, 566, 567, 568, 569, 570, 571, 573, 574, 575, 577, 587, 604, 606, 611, 653, 654, 655, 658, 659, 660, 662, 663, 666, 667, 668, 669, 672, 673, 674, 677, 678, 691, 692, 695, 702, 707, 745, 747, 749, 750, 752, 760, 761, 766, 798, 799, 800, 801, 803, 809, 820, 835, 836, 837, 839, 844, 868, 870, 872, 873, 874, 875, 876, 878, 879, 880, 882, 883, 885, 886, 891, 894, 895, 896, 897, 898, 899, 903, 923, 924, 925, 926, 927, 929, 931, 932, 933, 936, 937, 938, 939, 940, 941, 942, 944, 946, 947, 950, 951, 952, 953, 954, 957, 958, 959, 960, 963, 964, 966, 968, 969, 974, 989, 990, 991, 992, 993, 995, 996, 998, 999, 1000, 1001, 1003, 1006, 1008, 1009, 1011, 1012, 1017, 1040, 1042, 1044, 1045, 1046, 1047, 1048, 1050, 1051, 1053, 1058, 1096, 1097, 1098, 1100, 1101, 1102, 1103, 1104, 1107, 1109, 1110, 1113, 1115, 1116, 1117, 1118, 1120, 1122, 1124, 1125, 1127, 1128, 1131, 1132, 1133, 1134, 1135, 1137, 1138, 1139, 1140, 1141, 1144, 1146, 1147, 1148, 1153, 1179, 1180, 1182, 1183, 1188, 1217, 1228, 1261, 1277, 1307, 1308, 1310, 1313, 1314, 1315, 1316, 1323, 1324, 1327, 1328, 1329, 1330, 1331, 1339, 1343, 1373, 1374, 1375, 1376, 1378, 1379, 1381, 1384, 1385, 1386, 1387, 1388, 1389, 1390, 1391, 1392, 1393, 1395, 1405, 1418, 1425, 1436, 1458, 1459, 1470, 1504, 1508, 1514, 1516, 1518, 1519, 1520, 1522, 1523, 1525, 1530, 1537, 1538, 1543, 1567, 1569, 1570, 1572, 1573, 1574, 1575, 1576, 1578, 1579, 1581, 1583, 1584, 1585, 1586, 1587, 1589, 1590, 1591, 1594, 1596, 1597, 1600, 1601, 1602, 1603, 1610, 1611, 1613, 1618, 1647, 1648, 1650, 1652, 1653, 1655, 1662, 1663, 1668, 1688, 1689, 1690, 1693, 1694, 1697, 1698, 1699, 1701, 1703, 1704, 1706, 1707, 1708, 1711, 1712, 1714, 1715, 1718, 1719, 1720, 1722, 1724, 1726, 1731, 1748, 1750, 1752, 1753, 1755, 1756, 1757, 1758, 1759, 1760, 1761, 1766, 1785, 1786, 1787, 1789, 1791, 1792, 1793, 1795, 1796, 1797, 1799, 1800, 1801, 1804, 1805], "excluded_lines": [], "executed_branches": [], "missing_branches": [[269, 270], [269, 271], [271, 272], [271, 273], [291, 292], [291, 293], [305, 306], [305, 307], [364, 365], [364, 367], [368, 369], [368, 371], [373, 374], [373, 376], [447, 448], [447, 455], [455, 456], [455, 459], [461, 463], [461, 472], [463, 464], [463, 481], [473, 474], [473, 481], [507, 508], [507, 515], [557, 558], [557, 559], [559, 560], [559, 562], [566, 567], [566, 573], [568, 569], [568, 570], [574, 575], [574, 577], [659, 660], [659, 662], [668, 669], [668, 672], [672, 673], [672, 691], [673, 674], [673, 677], [749, 750], [749, 752], [798, 799], [798, 800], [800, 801], [800, 803], [875, 876], [875, 878], [882, 883], [882, 885], [924, 925], [924, 926], [926, 927], [926, 929], [937, 938], [937, 950], [939, 940], [939, 944], [951, 952], [951, 957], [957, 958], [957, 968], [958, 959], [958, 960], [963, 964], [963, 966], [990, 991], [990, 992], [992, 993], [992, 995], [999, 1000], [999, 1011], [1001, 1003], [1001, 1006], [1045, 1046], [1045, 1050], [1047, 1048], [1047, 1050], [1050, 1051], [1050, 1053], [1097, 1098], [1097, 1100], [1101, 1102], [1101, 1103], [1103, 1104], [1103, 1107], [1113, 1115], [1113, 1122], [1115, 1116], [1115, 1117], [1117, 1118], [1117, 1120], [1131, 1132], [1131, 1137], [1133, 1134], [1133, 1137], [1137, 1138], [1137, 1144], [1139, 1140], [1139, 1144], [1146, 1147], [1146, 1148], [1313, 1314], [1313, 1323], [1315, 1313], [1315, 1316], [1323, 1324], [1323, 1327], [1328, 1329], [1328, 1339], [1330, 1328], [1330, 1331], [1373, 1374], [1373, 1375], [1375, 1376], [1375, 1378], [1386, 1387], [1386, 1395], [1388, 1389], [1388, 1390], [1392, 1386], [1392, 1393], [1508, 1514], [1508, 1516], [1519, 1520], [1519, 1522], [1522, 1523], [1522, 1525], [1574, 1575], [1574, 1578], [1586, 1587], [1586, 1589], [1596, 1597], [1596, 1600], [1652, 1653], [1652, 1655], [1689, 1690], [1689, 1693], [1697, 1698], [1697, 1701], [1698, 1697], [1698, 1699], [1704, 1706], [1704, 1711], [1706, 1707], [1706, 1708], [1718, 1719], [1718, 1720], [1720, 1722], [1720, 1724], [1752, 1753], [1752, 1755], [1757, 1758], [1757, 1761], [1758, 1757], [1758, 1759], [1786, 1787], [1786, 1789], [1795, 1796], [1795, 1804], [1797, 1795], [1797, 1799]], "functions": {"_normalize_read_encoding": {"executed_lines": [], "summary": {"covered_lines": 0, "num_statements": 5, "percent_covered": 0.0, "percent_covered_display": "0.00", "missing_lines": 5, "excluded_lines": 0, "percent_statements_covered": 0.0, "percent_statements_covered_display": "0.00", "num_branches": 4, "num_partial_branches": 0, "covered_branches": 0, "missing_branches": 4, "percent_branches_covered": 0.0, "percent_branches_covered_display": "0.00"}, "missing_lines": [269, 270, 271, 272, 273], "excluded_lines": [], "start_line": 262, "executed_branches": [], "missing_branches": [[269, 270], [269, 271], [271, 272], [271, 273]]}, "_read_md_text": {"executed_lines": [], "summary": {"covered_lines": 0, "num_statements": 1, "percent_covered": 0.0, "percent_covered_display": "0.00", "missing_lines": 1, "excluded_lines": 0, "percent_statements_covered": 0.0, "percent_statements_covered_display": "0.00", "num_branches": 0, "num_partial_branches": 0, "covered_branches": 0, "missing_branches": 0, "percent_branches_covered": 100.0, "percent_branches_covered_display": "100.00"}, "missing_lines": [279], "excluded_lines": [], "start_line": 277, "executed_branches": [], "missing_branches": []}, "_create_backup": {"executed_lines": [], "summary": {"covered_lines": 0, "num_statements": 1, "percent_covered": 0.0, "percent_covered_display": "0.00", "missing_lines": 1, "excluded_lines": 0, "percent_statements_covered": 0.0, "percent_statements_covered_display": "0.00", "num_branches": 0, "num_partial_branches": 0, "covered_branches": 0, "missing_branches": 0, "percent_branches_covered": 100.0, "percent_branches_covered_display": "100.00"}, "missing_lines": [285], "excluded_lines": [], "start_line": 283, "executed_branches": [], "missing_branches": []}, "_require_str": {"executed_lines": [], "summary": {"covered_lines": 0, "num_statements": 3, "percent_covered": 0.0, "percent_covered_display": "0.00", "missing_lines": 3, "excluded_lines": 0, "percent_statements_covered": 0.0, "percent_statements_covered_display": "0.00", "num_branches": 2, "num_partial_branches": 0, "covered_branches": 0, "missing_branches": 2, "percent_branches_covered": 0.0, "percent_branches_covered_display": "0.00"}, "missing_lines": [291, 292, 293], "excluded_lines": [], "start_line": 289, "executed_branches": [], "missing_branches": [[291, 292], [291, 293]]}, "_all_str": {"executed_lines": [], "summary": {"covered_lines": 0, "num_statements": 1, "percent_covered": 0.0, "percent_covered_display": "0.00", "missing_lines": 1, "excluded_lines": 0, "percent_statements_covered": 0.0, "percent_statements_covered_display": "0.00", "num_branches": 0, "num_partial_branches": 0, "covered_branches": 0, "missing_branches": 0, "percent_branches_covered": 100.0, "percent_branches_covered_display": "100.00"}, "missing_lines": [299], "excluded_lines": [], "start_line": 297, "executed_branches": [], "missing_branches": []}, "_is_non_empty_str": {"executed_lines": [], "summary": {"covered_lines": 0, "num_statements": 4, "percent_covered": 0.0, "percent_covered_display": "0.00", "missing_lines": 4, "excluded_lines": 0, "percent_statements_covered": 0.0, "percent_statements_covered_display": "0.00", "num_branches": 2, "num_partial_branches": 0, "covered_branches": 0, "missing_branches": 2, "percent_branches_covered": 0.0, "percent_branches_covered_display": "0.00"}, "missing_lines": [305, 306, 307, 308], "excluded_lines": [], "start_line": 303, "executed_branches": [], "missing_branches": [[305, 306], [305, 307]]}, "_compile_pattern": {"executed_lines": [], "summary": {"covered_lines": 0, "num_statements": 1, "percent_covered": 0.0, "percent_covered_display": "0.00", "missing_lines": 1, "excluded_lines": 0, "percent_statements_covered": 0.0, "percent_statements_covered_display": "0.00", "num_branches": 0, "num_partial_branches": 0, "covered_branches": 0, "missing_branches": 0, "percent_branches_covered": 100.0, "percent_branches_covered_display": "100.00"}, "missing_lines": [314], "excluded_lines": [], "start_line": 312, "executed_branches": [], "missing_branches": []}, "strip_xml_comment": {"executed_lines": [], "summary": {"covered_lines": 0, "num_statements": 1, "percent_covered": 0.0, "percent_covered_display": "0.00", "missing_lines": 1, "excluded_lines": 0, "percent_statements_covered": 0.0, "percent_statements_covered_display": "0.00", "num_branches": 0, "num_partial_branches": 0, "covered_branches": 0, "missing_branches": 0, "percent_branches_covered": 100.0, "percent_branches_covered_display": "100.00"}, "missing_lines": [331], "excluded_lines": [], "start_line": 318, "executed_branches": [], "missing_branches": []}, "get_refs_from_md_text": {"executed_lines": [], "summary": {"covered_lines": 0, "num_statements": 15, "percent_covered": 0.0, "percent_covered_display": "0.00", "missing_lines": 15, "excluded_lines": 0, "percent_statements_covered": 0.0, "percent_statements_covered_display": "0.00", "num_branches": 6, "num_partial_branches": 0, "covered_branches": 0, "missing_branches": 6, "percent_branches_covered": 0.0, "percent_branches_covered_display": "0.00"}, "missing_lines": [359, 361, 362, 363, 364, 365, 367, 368, 369, 371, 372, 373, 374, 376, 377], "excluded_lines": [], "start_line": 336, "executed_branches": [], "missing_branches": [[364, 365], [364, 367], [368, 369], [368, 371], [373, 374], [373, 376]]}, "get_refs_from_md_file": {"executed_lines": [], "summary": {"covered_lines": 0, "num_statements": 3, "percent_covered": 0.0, "percent_covered_display": "0.00", "missing_lines": 3, "excluded_lines": 0, "percent_statements_covered": 0.0, "percent_statements_covered_display": "0.00", "num_branches": 0, "num_partial_branches": 0, "covered_branches": 0, "missing_branches": 0, "percent_branches_covered": 100.0, "percent_branches_covered_display": "100.00"}, "missing_lines": [407, 408, 409], "excluded_lines": [], "start_line": 382, "executed_branches": [], "missing_branches": []}, "get_refs_from_md_directory": {"executed_lines": [], "summary": {"covered_lines": 0, "num_statements": 16, "percent_covered": 0.0, "percent_covered_display": "0.00", "missing_lines": 16, "excluded_lines": 0, "percent_statements_covered": 0.0, "percent_statements_covered_display": "0.00", "num_branches": 10, "num_partial_branches": 0, "covered_branches": 0, "missing_branches": 10, "percent_branches_covered": 0.0, "percent_branches_covered_display": "0.00"}, "missing_lines": [437, 438, 440, 443, 447, 448, 455, 456, 459, 461, 463, 464, 472, 473, 474, 481], "excluded_lines": [], "start_line": 414, "executed_branches": [], "missing_branches": [[447, 448], [447, 455], [455, 456], [455, 459], [461, 463], [461, 472], [463, 464], [463, 481], [473, 474], [473, 481]]}, "get_refs_from_search_folders": {"executed_lines": [], "summary": {"covered_lines": 0, "num_statements": 4, "percent_covered": 0.0, "percent_covered_display": "0.00", "missing_lines": 4, "excluded_lines": 0, "percent_statements_covered": 0.0, "percent_statements_covered_display": "0.00", "num_branches": 2, "num_partial_branches": 0, "covered_branches": 0, "missing_branches": 2, "percent_branches_covered": 0.0, "percent_branches_covered_display": "0.00"}, "missing_lines": [505, 507, 508, 515], "excluded_lines": [], "start_line": 486, "executed_branches": [], "missing_branches": [[507, 508], [507, 515]]}, "get_refs_around_md_file": {"executed_lines": [], "summary": {"covered_lines": 0, "num_statements": 17, "percent_covered": 0.0, "percent_covered_display": "0.00", "missing_lines": 17, "excluded_lines": 0, "percent_statements_covered": 0.0, "percent_statements_covered_display": "0.00", "num_branches": 10, "num_partial_branches": 
[...]
es": 2, "num_statements": 2, "percent_covered": 100.0, "percent_covered_display": "100.00", "missing_lines": 0, "excluded_lines": 0, "percent_statements_covered": 100.0, "percent_statements_covered_display": "100.00", "num_branches": 0, "num_partial_branches": 0, "covered_branches": 0, "missing_branches": 0, "percent_branches_covered": 100.0, "percent_branches_covered_display": "100.00"}, "missing_lines": [], "excluded_lines": [], "start_line": 124, "executed_branches": [], "missing_branches": []}, "ClosingMarkdownRenderer": {"executed_lines": [155, 156], "summary": {"covered_lines": 2, "num_statements": 2, "percent_covered": 100.0, "percent_covered_display": "100.00", "missing_lines": 0, "excluded_lines": 0, "percent_statements_covered": 100.0, "percent_statements_covered_display": "100.00", "num_branches": 0, "num_partial_branches": 0, "covered_branches": 0, "missing_branches": 0, "percent_branches_covered": 100.0, "percent_branches_covered_display": "100.00"}, "missing_lines": [], "excluded_lines": [], "start_line": 142, "executed_branches": [], "missing_branches": []}, "MdRenderer": {"executed_lines": [], "summary": {"covered_lines": 0, "num_statements": 0, "percent_covered": 100.0, "percent_covered_display": "100.00", "missing_lines": 0, "excluded_lines": 0, "percent_statements_covered": 100.0, "percent_statements_covered_display": "100.00", "num_branches": 0, "num_partial_branches": 0, "covered_branches": 0, "missing_branches": 0, "percent_branches_covered": 100.0, "percent_branches_covered_display": "100.00"}, "missing_lines": [], "excluded_lines": [], "start_line": 160, "executed_branches": [], "missing_branches": []}, "": {"executed_lines": [40, 42, 43, 45, 46, 47, 48, 52, 62, 63, 64, 65, 66, 67, 68, 69, 70, 71, 72, 76, 84, 85, 86, 91, 92, 93, 94, 100, 104, 116, 117, 118, 119, 120, 124, 135, 142, 153, 160, 175, 187, 188, 189, 190, 191, 195, 202, 206, 213, 216, 218], "summary": {"covered_lines": 51, "num_statements": 51, "percent_covered": 100.0, "percent_covered_display": "100.00", "missing_lines": 0, "excluded_lines": 0, "percent_statements_covered": 100.0, "percent_statements_covered_display": "100.00", "num_branches": 18, "num_partial_branches": 0, "covered_branches": 18, "missing_branches": 0, "percent_branches_covered": 100.0, "percent_branches_covered_display": "100.00"}, "missing_lines": [], "excluded_lines": [], "start_line": 1, "executed_branches": [[63, 64], [63, 72], [65, 66], [65, 69], [66, 67], [66, 68], [69, 70], [69, 71], [85, 86], [85, 91], [93, -76], [93, 94], [117, 118], [117, 120], [187, 188], [187, 189], [189, 190], [189, 191]], "missing_branches": []}}}, "pymdtools\\normalize.py": {"executed_lines": [], "summary": {"covered_lines": 0, "num_statements": 23, "percent_covered": 0.0, "percent_covered_display": "0.00", "missing_lines": 23, "excluded_lines": 0, "percent_statements_covered": 0.0, "percent_statements_covered_display": "0.00", "num_branches": 4, "num_partial_branches": 0, "covered_branches": 0, "missing_branches": 4, "percent_branches_covered": 0.0, "percent_branches_covered_display": "0.00"}, "missing_lines": [9, 10, 11, 13, 14, 24, 25, 27, 28, 30, 32, 50, 72, 73, 76, 77, 78, 79, 82, 83, 86, 89, 90], "excluded_lines": [], "executed_branches": [], "missing_branches": [[77, 78], [77, 82], [82, 83], [82, 86]], "functions": {"md_beautifier": {"executed_lines": [], "summary": {"covered_lines": 0, "num_statements": 5, "percent_covered": 0.0, "percent_covered_display": "0.00", "missing_lines": 5, "excluded_lines": 0, "percent_statements_covered": 0.0, "percent_statements_covered_display": "0.00", "num_branches": 0, "num_partial_branches": 0, "covered_branches": 0, "missing_branches": 0, "percent_branches_covered": 100.0, "percent_branches_covered_display": "100.00"}, "missing_lines": [25, 27, 28, 30, 32], "excluded_lines": [], "start_line": 24, "executed_branches": [], "missing_branches": []}, "md_file_beautifier": {"executed_lines": [], "summary": {"covered_lines": 0, "num_statements": 11, "percent_covered": 0.0, "percent_covered_display": "0.00", "missing_lines": 11, "excluded_lines": 0, "percent_statements_covered": 0.0, "percent_statements_covered_display": "0.00", "num_branches": 4, "num_partial_branches": 0, "covered_branches": 0, "missing_branches": 4, "percent_branches_covered": 0.0, "percent_branches_covered_display": "0.00"}, "missing_lines": [72, 73, 76, 77, 78, 79, 82, 83, 86, 89, 90], "excluded_lines": [], "start_line": 50, "executed_branches": [], "missing_branches": [[77, 78], [77, 82], [82, 83], [82, 86]]}, "": {"executed_lines": [], "summary": {"covered_lines": 0, "num_statements": 7, "percent_covered": 0.0, "percent_covered_display": "0.00", "missing_lines": 7, "excluded_lines": 0, "percent_statements_covered": 0.0, "percent_statements_covered_display": "0.00", "num_branches": 0, "num_partial_branches": 0, "covered_branches": 0, "missing_branches": 0, "percent_branches_covered": 100.0, "percent_branches_covered_display": "100.00"}, "missing_lines": [9, 10, 11, 13, 14, 24, 50], "excluded_lines": [], "start_line": 1, "executed_branches": [], "missing_branches": []}}, "classes": {"": {"executed_lines": [], "summary": {"covered_lines": 0, "num_statements": 23, "percent_covered": 0.0, "percent_covered_display": "0.00", "missing_lines": 23, "excluded_lines": 0, "percent_statements_covered": 0.0, "percent_statements_covered_display": "0.00", "num_branches": 4, "num_partial_branches": 0, "covered_branches": 0, "missing_branches": 4, "percent_branches_covered": 0.0, "percent_branches_covered_display": "0.00"}, "missing_lines": [9, 10, 11, 13, 14, 24, 25, 27, 28, 30, 32, 50, 72, 73, 76, 77, 78, 79, 82, 83, 86, 89, 90], "excluded_lines": [], "start_line": 1, "executed_branches": [], "missing_branches": [[77, 78], [77, 82], [82, 83], [82, 86]]}}}, "pymdtools\\translate.py": {"executed_lines": [], "summary": {"covered_lines": 0, "num_statements": 90, "percent_covered": 0.0, "percent_covered_display": "0.00", "missing_lines": 90, "excluded_lines": 0, "percent_statements_covered": 0.0, "percent_statements_covered_display": "0.00", "num_branches": 24, "num_partial_branches": 0, "covered_branches": 0, "missing_branches": 24, "percent_branches_covered": 0.0, "percent_branches_covered_display": "0.00"}, "missing_lines": [10, 11, 12, 13, 17, 18, 20, 21, 27, 36, 37, 45, 46, 47, 48, 49, 50, 51, 52, 53, 54, 56, 60, 63, 64, 66, 68, 77, 78, 79, 80, 82, 83, 85, 86, 88, 91, 93, 103, 104, 105, 106, 107, 108, 119, 120, 121, 122, 133, 134, 135, 136, 137, 148, 149, 150, 151, 152, 159, 160, 171, 172, 184, 186, 187, 188, 190, 192, 201, 202, 213, 215, 216, 217, 218, 219, 221, 231, 233, 234, 235, 236, 238, 239, 241, 242, 254, 258, 262, 266], "excluded_lines": [], "executed_branches": [], "missing_branches": [[47, 48], [47, 68], [49, 50], [49, 51], [52, 53], [52, 56], [79, 80], [79, 82], [82, 83], [82, 85], [85, 86], [85, 88], [104, 105], [104, 106], [106, 107], [106, 108], [135, 136], [135, 137], [150, 151], [150, 152], [187, 188], [187, 190], [202, 213], [202, 221]], "functions": {"N_": {"executed_lines": [], "summary": {"covered_lines": 0, "num_statements": 1, "percent_covered": 0.0, "percent_covered_display": "0.00", "missing_lines": 1, "excluded_lines": 0, "percent_statements_covered": 0.0, "percent_statements_covered_display": "0.00", "num_branches": 0, "num_partial_branches": 0, "covered_branches": 0, "missing_branches": 0, "percent_branches_covered": 100.0, "percent_branches_covered_display": "100.00"}, "missing_lines": [37], "excluded_lines": [], "start_line": 36, "executed_branches": [], "missing_branches": []}, "get_localedir": {"executed_lines": [], "summary": {"covered_lines": 0, "num_statements": 14, "percent_covered": 0.0, "percent_covered_display": "0.00", "missing_lines": 14, "excluded_lines": 0, "percent_statements_covered": 0.0, "percent_statements_covered_display": "0.00", "num_branches": 6, "num_partial_branches": 0, "covered_branches": 0, "missing_branches": 6, "percent_branches_covered": 0.0, "percent_branches_covered_display": "0.00"}, "missing_lines": [47, 48, 49, 50, 51, 52, 53, 54, 56, 60, 63, 64, 66, 68], "excluded_lines": [], "start_line": 46, "executed_branches": [], "missing_branches": [[47, 48], [47, 68], [49, 50], [49, 51], [52, 53], [52, 56]]}, "get_translation": {"executed_lines": [], "summary": {"covered_lines": 0, "num_statements": 9, "percent_covered": 0.0, "percent_covered_display": "0.00", "missing_lines": 9, "excluded_lines": 0, "percent_statements_covered": 0.0, "percent_statements_covered_display": "0.00", "num_branches": 6, "num_partial_branches": 0, "covered_branches": 0, "missing_branches": 6, "percent_branches_covered": 0.0, "percent_branches_covered_display": "0.00"}, "missing_lines": [79, 80, 82, 83, 85, 86, 88, 91, 93], "excluded_lines": [], "start_line": 78, "executed_branches": [], "missing_branches": [[79, 80], [79, 82], [82, 83], [82, 85], [85, 86], [85, 88]]}, "translate": {"executed_lines": [], "summary": {"covered_lines": 0, "num_statements": 5, "percent_covered": 0.0, "percent_covered_display": "0.00", "missing_lines": 5, "excluded_lines": 0, "percent_statements_covered": 0.0, "percent_statements_covered_display": "0.00", "num_branches": 4, "num_partial_branches": 0, "covered_branches": 0, "missing_branches": 4, "percent_branches_covered": 0.0, "percent_branches_covered_display": "0.00"}, "missing_lines": [104, 105, 106, 107, 108], "excluded_lines": [], "start_line": 103, "executed_branches": [], "missing_branches": [[104, 105], [104, 106], [106, 107], [106, 108]]}, "translate_str": {"executed_lines": [], "summary": {"covered_lines": 0, "num_statements": 3, "percent_covered": 0.0, "percent_covered_display": "0.00", "missing_lines": 3, "excluded_lines": 0, "percent_statements_covered": 0.0, "percent_statements_covered_display": "0.00", "num_branches": 0, "num_partial_branches": 0, "covered_branches": 0, "missing_branches": 0, "percent_branches_covered": 100.0, "percent_branches_covered_display": "100.00"}, "missing_lines": [120, 121, 122], "excluded_lines": [], "start_line": 119, "executed_branches": [], "missing_branches": []}, "translate_dict": {"executed_lines": [], "summary": {"covered_lines": 0, "num_statements": 4, "percent_covered": 0.0, "percent_covered_display": "0.00", "missing_lines": 4, "excluded_lines": 0, "percent_statements_covered": 0.0, "percent_statements_covered_display": "0.00", "num_branches": 2, "num_partial_branches": 0, "covered_branches": 0, "missing_branches": 2, "percent_branches_covered": 0.0, "percent_branches_covered_display": "0.00"}, "missing_lines": [134, 135, 136, 137], "excluded_lines": [], "start_line": 133, "executed_branches": [], "missing_branches": [[135, 136], [135, 137]]}, "translate_list": {"executed_lines": [], "summary": {"covered_lines": 0, "num_statements": 4, "percent_covered": 0.0, "percent_covered_display": "0.00", "missing_lines": 4, "excluded_lines": 0, "percent_statements_covered": 0.0, "percent_statements_covered_display": "0.00", "num_branches": 2, "num_partial_branches": 0, "covered_branches": 0, "missing_branches": 2, "percent_branches_covered": 0.0, "percent_branches_covered_display": "0.00"}, "missing_lines": [149, 150, 151, 152], "excluded_lines": [], "start_line": 148, "executed_branches": [], "missing_branches": [[150, 151], [150, 152]]}, "eu_lang_list": {"executed_lines": [], "summary": {"covered_lines": 0, "num_statements": 1, "percent_covered": 0.0, "percent_covered_display": "0.00", "missing_lines": 1, "excluded_lines": 0, "percent_statements_covered": 0.0, "percent_statements_covered_display": "0.00", "num_branches": 0, "num_partial_branches": 0, "covered_branches": 0, "missing_branches": 0, "percent_branches_covered": 100.0, "percent_branches_covered_display": "100.00"}, "missing_lines": [160], "excluded_lines": [], "start_line": 159, "executed_branches": [], "missing_branches": []}, "_translation_parameter": {"executed_lines": [], "summary": {"covered_lines": 0, "num_statements": 7, "percent_covered": 0.0, "percent_covered_display": "0.00", "missing_lines": 7, "excluded_lines": 0, "percent_statements_covered": 0.0, "percent_statements_covered_display": "0.00", "num_branches": 2, "num_partial_branches": 0, "covered_branches": 0, "missing_branches": 2, "percent_branches_covered": 0.0, "percent_branches_covered_display": "0.00"}, "missing_lines": [172, 184, 186, 187, 188, 190, 192], "excluded_lines": [], "start_line": 171, "executed_branches": [], "missing_branches": [[187, 188], [187, 190]]}, "translate_txt": {"executed_lines": [], "summary": {"covered_lines": 0, "num_statements": 8, "percent_covered": 0.0, "percent_covered_display": "0.00", "missing_lines": 8, "excluded_lines": 0, "percent_statements_covered": 0.0, "percent_statements_covered_display": "0.00", "num_branches": 2, "num_partial_branches": 0, "covered_branches": 0, "missing_branches": 2, "percent_branches_covered": 0.0, "percent_branches_covered_display": "0.00"}, "missing_lines": [202, 213, 215, 216, 217, 218, 219, 221], "excluded_lines": [], "start_line": 201, "executed_branches": [], "missing_branches": [[202, 213], [202, 221]]}, "translate_md": {"executed_lines": [], "summary": {"covered_lines": 0, "num_statements": 6, "percent_covered": 0.0, "percent_covered_display": "0.00", "missing_lines": 6, "excluded_lines": 0, "percent_statements_covered": 0.0, "percent_statements_covered_display": "0.00", "num_branches": 0, "num_partial_branches": 0, "covered_branches": 0, "missing_branches": 0, "percent_branches_covered": 100.0, "percent_branches_covered_display": "100.00"}, "missing_lines": [233, 234, 238, 239, 241, 242], "excluded_lines": [], "start_line": 231, "executed_branches": [], "missing_branches": []}, "translate_md.LocalRender.text": {"executed_lines": [], "summary": {"covered_lines": 0, "num_statements": 2, "percent_covered": 0.0, "percent_covered_display": "0.00", "missing_lines": 2, "excluded_lines": 0, "percent_statements_covered": 0.0, "percent_statements_covered_display": "0.00", "num_branches": 0, "num_partial_branches": 0, "covered_branches": 0, "missing_branches": 0, "percent_branches_covered": 100.0, "percent_branches_covered_display": "100.00"}, "missing_lines": [235, 236], "excluded_lines": [], "start_line": 234, "executed_branches": [], "missing_branches": []}, "__get_this_folder": {"executed_lines": [], "summary": {"covered_lines": 0, "num_statements": 1, "percent_covered": 0.0, "percent_covered_display": "0.00", "missing_lines": 1, "excluded_lines": 0, "percent_statements_covered": 0.0, "percent_statements_covered_display": "0.00", "num_branches": 0, "num_partial_branches": 0, "covered_branches": 0, "missing_branches": 0, "percent_branches_covered": 100.0, "percent_branches_covered_display": "100.00"}, "missing_lines": [258], "excluded_lines": [], "start_line": 254, "executed_branches": [], "missing_branches": []}, "__get_this_filename": {"executed_lines": [], "summary": {"covered_lines": 0, "num_statements": 1, "percent_covered": 0.0, "percent_covered_display": "0.00", "missing_lines": 1, "excluded_lines": 0, "percent_statements_covered": 0.0, "percent_statements_covered_display": "0.00", "num_branches": 0, "num_partial_branches": 0, "covered_branches": 0, "missing_branches": 0, "percent_branches_covered": 100.0, "percent_branches_covered_display": "100.00"}, "missing_lines": [266], "excluded_lines": [], "start_line": 262, "executed_branches": [], "missing_branches": []}, "": {"executed_lines": [], "summary": {"covered_lines": 0, "num_statements": 24, "percent_covered": 0.0, "percent_covered_display": "0.00", "missing_lines": 24, "excluded_lines": 0, "percent_statements_covered": 0.0, "percent_statements_covered_display": "0.00", "num_branches": 0, "num_partial_branches": 0, "covered_branches": 0, "missing_branches": 0, "percent_branches_covered": 100.0, "percent_branches_covered_display": "100.00"}, "missing_lines": [10, 11, 12, 13, 17, 18, 20, 21, 27, 36, 45, 46, 77, 78, 103, 119, 133, 148, 159, 171, 201, 231, 254, 262], "excluded_lines": [], "start_line": 1, "executed_branches": [], "missing_branches": []}}, "classes": {"translate_md.LocalRender": {"executed_lines": [], "summary": {"covered_lines": 0, "num_statements": 2, "percent_covered": 0.0, "percent_covered_display": "0.00", "missing_lines": 2, "excluded_lines": 0, "percent_statements_covered": 0.0, "percent_statements_covered_display": "0.00", "num_branches": 0, "num_partial_branches": 0, "covered_branches": 0, "missing_branches": 0, "percent_branches_covered": 100.0, "percent_branches_covered_display": "100.00"}, "missing_lines": [235, 236], "excluded_lines": [], "start_line": 233, "executed_branches": [], "missing_branches": []}, "": {"executed_lines": [], "summary": {"covered_lines": 0, "num_statements": 88, "percent_covered": 0.0, "percent_covered_display": "0.00", "missing_lines": 88, "excluded_lines": 0, "percent_statements_covered": 0.0, "percent_statements_covered_display": "0.00", "num_branches": 24, "num_partial_branches": 0, "covered_branches": 0, "missing_branches": 24, "percent_branches_covered": 0.0, "percent_branches_covered_display": "0.00"}, "missing_lines": [10, 11, 12, 13, 17, 18, 20, 21, 27, 36, 37, 45, 46, 47, 48, 49, 50, 51, 52, 53, 54, 56, 60, 63, 64, 66, 68, 77, 78, 79, 80, 82, 83, 85, 86, 88, 91, 93, 103, 104, 105, 106, 107, 108, 119, 120, 121, 122, 133, 134, 135, 136, 137, 148, 149, 150, 151, 152, 159, 160, 171, 172, 184, 186, 187, 188, 190, 192, 201, 202, 213, 215, 216, 217, 218, 219, 221, 231, 233, 234, 238, 239, 241, 242, 254, 258, 262, 266], "excluded_lines": [], "start_line": 1, "executed_branches": [], "missing_branches": [[47, 48], [47, 68], [49, 50], [49, 51], [52, 53], [52, 56], [79, 80], [79, 82], [82, 83], [82, 85], [85, 86], [85, 88], [104, 105], [104, 106], [106, 107], [106, 108], [135, 136], [135, 137], [150, 151], [150, 152], [187, 188], [187, 190], [202, 213], [202, 221]]}}}, "pymdtools\\version.py": {"executed_lines": [5, 6, 7], "summary": {"covered_lines": 3, "num_statements": 3, "percent_covered": 100.0, "percent_covered_display": "100.00", "missing_lines": 0, "excluded_lines": 0, "percent_statements_covered": 100.0, "percent_statements_covered_display": "100.00", "num_branches": 0, "num_partial_branches": 0, "covered_branches": 0, "missing_branches": 0, "percent_branches_covered": 100.0, "percent_branches_covered_display": "100.00"}, "missing_lines": [], "excluded_lines": [], "executed_branches": [], "missing_branches": [], "functions": {"": {"executed_lines": [5, 6, 7], "summary": {"covered_lines": 3, "num_statements": 3, "percent_covered": 100.0, "percent_covered_display": "100.00", "missing_lines": 0, "excluded_lines": 0, "percent_statements_covered": 100.0, "percent_statements_covered_display": "100.00", "num_branches": 0, "num_partial_branches": 0, "covered_branches": 0, "missing_branches": 0, "percent_branches_covered": 100.0, "percent_branches_covered_display": "100.00"}, "missing_lines": [], "excluded_lines": [], "start_line": 1, "executed_branches": [], "missing_branches": []}}, "classes": {"": {"executed_lines": [5, 6, 7], "summary": {"covered_lines": 3, "num_statements": 3, "percent_covered": 100.0, "percent_covered_display": "100.00", "missing_lines": 0, "excluded_lines": 0, "percent_statements_covered": 100.0, "percent_statements_covered_display": "100.00", "num_branches": 0, "num_partial_branches": 0, "covered_branches": 0, "missing_branches": 0, "percent_branches_covered": 100.0, "percent_branches_covered_display": "100.00"}, "missing_lines": [], "excluded_lines": [], "start_line": 1, "executed_branches": [], "missing_branches": []}}}}, "totals": {"covered_lines": 67, "num_statements": 1675, "percent_covered": 3.7794575366829704, "percent_covered_display": "3.78", "missing_lines": 1608, "excluded_lines": 3, "percent_statements_covered": 4.0, "percent_statements_covered_display": "4.00", "num_branches": 574, "num_partial_branches": 0, "covered_branches": 18, "missing_branches": 556, "percent_branches_covered": 3.1358885017421603, "percent_branches_covered_display": "3.14"}}